Log file open, 06/01/15 13:19:58
LogInit:Display: Running engine for game: FightorFlight
LogInit: Version: 4.7.6-2513093+++depot+UE4-Releases+4.7
LogInit: API Version: 2455222
LogInit: Compiled (64-bit): Apr 15 2015 12:09:54
LogInit: Compiled with Visual C++: 18.00.21005.01
LogInit: Build Configuration: Development
LogInit: Branch Name: ++depot+UE4-Releases+4.7
LogInit: Command line:  /Temp/Autosaves/Game/FirstPersonBP/Maps/UEDPCFirstPersonExampleMap -game -PIEVIACONSOLE -ResX=1280 -ResY=720  -Multiprocess 
LogInit: Base directory: C:/Program Files/Epic Games/4.7/Engine/Binaries/Win64/
LogInit: Rocket: 1
[2015.06.01-17.19.58:991][  0]LogTaskGraph: Started task graph with 3 named threads and 4 total threads.
[2015.06.01-17.19.59:036][  0]LogOnline:Warning: No default platform service specified for OnlineSubsystem
[2015.06.01-17.19.59:067][  0]LogInit: Presizing for 0 objects not considered by GC, pre-allocating 0 bytes.
[2015.06.01-17.19.59:091][  0]LogInit: Object subsystem initialized
[2015.06.01-17.19.59:095][  0]LogConsoleResponse:Warning: Skipping Unknown console variable: 'TranslucentSortAxis = (X=0.000000,Y=-1.000000,Z=0.000000)'
[2015.06.01-17.19.59:095][  0]LogConsoleResponse:Warning:   Found in ini file 'C:/Users/Nirav/Documents/GitHub/Fight-or-Flight/FightorFlight/Saved/Config/Windows/Engine.ini', in section '[/Script/Engine.RendererSettings]'
[2015.06.01-17.19.59:095][  0]LogConsoleResponse:Warning: Skipping Unknown console variable: 'UIScaleRule = ShortestSide'
[2015.06.01-17.19.59:095][  0]LogConsoleResponse:Warning:   Found in ini file 'C:/Users/Nirav/Documents/GitHub/Fight-or-Flight/FightorFlight/Saved/Config/Windows/Engine.ini', in section '[/Script/Engine.RendererSettings]'
[2015.06.01-17.19.59:095][  0]LogConsoleResponse:Warning: Skipping Unknown console variable: 'UIScaleCurve = (EditorCurveData=(Keys=),ExternalCurve=None)'
[2015.06.01-17.19.59:095][  0]LogConsoleResponse:Warning:   Found in ini file 'C:/Users/Nirav/Documents/GitHub/Fight-or-Flight/FightorFlight/Saved/Config/Windows/Engine.ini', in section '[/Script/Engine.RendererSettings]'
[2015.06.01-17.19.59:096][  0]LogInit: Selected Device Profile: [Windows]
[2015.06.01-17.19.59:096][  0]LogInit: Applying CVar settings loaded from the selected device profile: [Windows]
[2015.06.01-17.19.59:106][  0]LogInit: Computer: NEE_LAPTOP
[2015.06.01-17.19.59:106][  0]LogInit: User: Nirav
[2015.06.01-17.19.59:106][  0]LogInit: CPU Page size=4096, Cores=2
[2015.06.01-17.19.59:106][  0]LogInit: High frequency timer resolution =1.656392 MHz
[2015.06.01-17.19.59:106][  0]LogMemory: Memory total: Physical=5.9GB (6GB approx) Virtual=131072.0GB
[2015.06.01-17.19.59:106][  0]LogMemory: Platform Memory Stats for Windows
[2015.06.01-17.19.59:106][  0]LogMemory: Process Physical Memory: 45.76 MB used, 45.76 MB peak
[2015.06.01-17.19.59:106][  0]LogMemory: Process Virtual Memory: 22.29 MB used, 22.29 MB peak
[2015.06.01-17.19.59:107][  0]LogMemory: Physical Memory: 3460.38 MB used, 6023.27 MB total
[2015.06.01-17.19.59:107][  0]LogMemory: Virtual Memory: 287.48 MB used, 134217728.00 MB total
[2015.06.01-17.19.59:135][  0]LogD3D11RHI: Found D3D11 adapter 0: Intel(R) HD Graphics 4000 (Feature Level 11_0)
[2015.06.01-17.19.59:135][  0]LogD3D11RHI: Adapter has 32MB of dedicated video memory, 0MB of dedicated system memory, and 1760MB of shared system memory, 1 output[s]
[2015.06.01-17.19.59:137][  0]LogD3D11RHI: Found D3D11 adapter 1: Microsoft Basic Render Driver (Feature Level 11_0)
[2015.06.01-17.19.59:137][  0]LogD3D11RHI: Adapter has 0MB of dedicated video memory, 0MB of dedicated system memory, and 256MB of shared system memory, 0 output[s]
[2015.06.01-17.19.59:137][  0]LogD3D11RHI: Chosen D3D11 Adapter Id = 0
[2015.06.01-17.19.59:154][  0]LogRHI: Texture pool is 638 MB (70% of 912 MB)
[2015.06.01-17.19.59:158][  0]LogD3D11RHI: Async texture creation enabled
[2015.06.01-17.19.59:230][  0]LogTextLocalizationManager: The requested culture ('en_US') has no localization data; parent culture's ('en') localization data will be used.
[2015.06.01-17.19.59:320][  0]LogTextLocalizationManager:Warning: Loading localization resources contain conflicting entries for (Namespace:UICommands, Key:Save_ToolTip):
Resource: (C:/Program Files/Epic Games/4.7/Engine/Content/Localization/Editor/en/Editor.locres) Hash: (-29098895) String: (Saves the current level to disk)
Resource: (C:/Program Files/Epic Games/4.7/Engine/Content/Localization/Engine/en/Engine.locres) Hash: (-1280300587) String: (Save selected data to vlog file)
[2015.06.01-17.19.59:320][  0]LogTextLocalizationManager:Warning: Loading localization resources contain conflicting entries for (Namespace:ContentBrowser, Key:ImportAssetToolTip):
Resource: (C:/Program Files/Epic Games/4.7/Engine/Content/Localization/Editor/en/Editor.locres) Hash: (-630476809) String: (Import to {0}...)
Resource: (C:/Program Files/Epic Games/4.7/Engine/Content/Localization/Editor/en/Editor.locres) Hash: (1271782899) String: (Imports an asset from file to this folder.)
[2015.06.01-17.19.59:451][  0]LogContentStreaming: Texture pool size is 1000.000000MB
[2015.06.01-17.20.03:260][  0]LogTargetPlatformManager:Display: Building Assets For Windows
[2015.06.01-17.20.04:420][  0]LogTargetPlatformManager:Display: Building Assets For Windows
[2015.06.01-17.20.04:534][  0]LogDerivedDataCache:Display: Max Cache Size: 512 MB
[2015.06.01-17.20.04:608][  0]LogDerivedDataCache: Loaded boot cache 0.07s 39MB C:/Users/Nirav/AppData/Local/UnrealEngine/4.7/DerivedDataCache/Boot.ddc.
[2015.06.01-17.20.04:608][  0]LogDerivedDataCache:Display: Loaded Boot cache: C:/Users/Nirav/AppData/Local/UnrealEngine/4.7/DerivedDataCache/Boot.ddc
[2015.06.01-17.20.04:609][  0]LogDerivedDataCache: FDerivedDataBackendGraph:  Pak pak cache file ../../../../../../Users/Nirav/Documents/GitHub/Fight-or-Flight/FightorFlight/DerivedDataCache/DDC.ddp not found, will not use a pak cache.
[2015.06.01-17.20.04:609][  0]LogDerivedDataCache: Unable to find inner node Pak for hierarchical cache Hierarchy.
[2015.06.01-17.20.04:803][  0]LogDerivedDataCache:Display: Pak cache opened for reading ../../../Engine/DerivedDataCache/Compressed.ddp.
[2015.06.01-17.20.04:815][  0]LogDerivedDataCache: Using Local data cache path C:/Users/Nirav/AppData/Local/UnrealEngine/Common/DerivedDataCache: Writable
[2015.06.01-17.20.05:332][  0]LogMeshUtilities: No automatic mesh reduction module available
[2015.06.01-17.20.05:332][  0]LogMeshUtilities: No automatic mesh merging module available
[2015.06.01-17.20.05:915][  0]LogInit: WinSock: version 1.1 (2.2), MaxSocks=32767, MaxUdp=65467
[2015.06.01-17.20.06:492][  0]LogWindowsMoviePlayer: Unable to load movie: ../../../../../../Users/Nirav/Documents/GitHub/Fight-or-Flight/FightorFlight/Content/Movies/Default_Startup.mp4
[2015.06.01-17.20.06:711][  0]LogSourceControl: RunCommandInternalRaw: 'git version'
[2015.06.01-17.20.06:711][  0]LogSourceControl: RunCommandInternalRaw: ExecProcess ReturnCode=2 OutResults=''
[2015.06.01-17.20.06:766][  0]SourceControl: Info Source control is disabled
[2015.06.01-17.20.06:767][  0]SourceControl: Info Source control is disabled
[2015.06.01-17.20.06:767][  0]SourceControl: Info Source control is disabled
[2015.06.01-17.20.06:783][  0]SourceControl: Info Source control is disabled
[2015.06.01-17.20.06:954][  0]LogObj: 23971 objects as part of root set at end of initial load.
[2015.06.01-17.20.06:954][  0]LogUObjectAllocator: 4988928 out of 0 bytes used by permanent object pool.
[2015.06.01-17.20.07:100][  0]LogAutomationTest:Warning: ERR: Transient text cannot be serialized "Testing Transient serialization detection".
[2015.06.01-17.20.07:100][  0]LogEngine: Initializing Engine...
[2015.06.01-17.20.09:334][  0]LogInit: XAudio2 using 'Speaker/HP (Realtek High Definition Audio)' : 2 channels at 44.1 kHz using 16 bits per sample (channel mask 0x3)
[2015.06.01-17.20.09:350][  0]LogInit: FAudioDevice initialized.
[2015.06.01-17.20.09:359][  0]LogInit: Texture streaming: Enabled
[2015.06.01-17.20.09:511][  0]LogAnalytics: Creating configured Analytics provider AnalyticsET
[2015.06.01-17.20.09:511][  0]LogAnalytics: ET APIKey = Rocket.Release. APIServer = http://et2.epicgames.com/ET2/. AppVersion = 4.7.6-2513093+++depot+UE4-Releases+4.7
[2015.06.01-17.20.09:511][  0]LogAnalytics: ET APIKey = Rocket.Release. DataRouterUploadURL = https://datarouter-public-service-gamedev.ol.epicgames.net/datarouter/api/v1/public/data. AppVersion = 4.7.6-2513093+++depot+UE4-Releases+4.7
[2015.06.01-17.20.09:511][  0]LogAnalytics: SetUserId d3cdc7f1421df128e2a94399f3ef61a3|185b8fa6dc874aafbf3d59a8dc12725a|d1dd4f55-b61a-4239-878f-8a7729ce515c
[2015.06.01-17.20.09:511][  0]LogAnalytics: AnalyticsET::StartSession [Rocket.Release]
[2015.06.01-17.20.09:566][  0]LogNet: Browse: /Temp/Autosaves/Game/FirstPersonBP/Maps/UEDPCFirstPersonExampleMap?Name=Player
[2015.06.01-17.20.09:566][  0]LogLoad: LoadMap: /Temp/Autosaves/Game/FirstPersonBP/Maps/UEDPCFirstPersonExampleMap?Name=Player
[2015.06.01-17.20.09:597][  0]LogMemory: Platform Memory Stats for Windows
[2015.06.01-17.20.09:597][  0]LogMemory: Process Physical Memory: 299.34 MB used, 301.91 MB peak
[2015.06.01-17.20.09:597][  0]LogMemory: Process Virtual Memory: 260.97 MB used, 263.30 MB peak
[2015.06.01-17.20.09:597][  0]LogMemory: Physical Memory: 3697.41 MB used, 6023.27 MB total
[2015.06.01-17.20.09:597][  0]LogMemory: Virtual Memory: 712.97 MB used, 134217728.00 MB total
[2015.06.01-17.20.09:597][  0]LogMemory: 
[2015.06.01-17.20.09:597][  0]Allocator Stats for TBB: (not implemented)
[2015.06.01-17.20.10:502][  0]LogLinker:Warning: Asset '../../../Engine/Content/EngineMeshes/Humanoid.uasset' has been saved with empty engine version. The asset will be loaded but may be incompatible.
[2015.06.01-17.20.10:741][  0]LogWorld: Game class is 'FirstPersonGameMode_C'
[2015.06.01-17.20.10:822][  0]LogAIModule: Creating AISystem for world FirstPersonExampleMap
[2015.06.01-17.20.10:879][  0]LogWorld: Bringing World /Temp/Autosaves/Game/FirstPersonBP/Maps/UEDPCFirstPersonExampleMap.FirstPersonExampleMap up for play (max tick rate 0) at 2015.06.01-13.20.10
[2015.06.01-17.20.10:881][  0]LogWorld: Bringing up level for play took: 0.058909
[2015.06.01-17.20.10:883][  0]LogInit:Display: Game Engine Initialized.
[2015.06.01-17.20.11:127][  0]LogLoad: Full Startup: 14.29 seconds (BP compile: 0.40 seconds)
[2015.06.01-17.20.11:275][  2]LogRenderer:Warning: Reallocating scene render targets to support 1280x720 (Frame:2).
[2015.06.01-17.20.37:269][304]LogEngine: All Windows Closed
[2015.06.01-17.20.37:269][304]LogWindows: FPlatformMisc::RequestExit(0)
[2015.06.01-17.20.37:322][305]LogExit: Preparing to exit.
[2015.06.01-17.20.37:394][305]LogParticles: Destroying 0 GPU particle simulations for FXSystem 0x000000F7B50763E0
[2015.06.01-17.20.37:394][305]LogExit: Game engine shut down
[2015.06.01-17.20.37:450][305]LogExit: Object subsystem successfully closed.
[2015.06.01-17.20.37:495][305]LogModuleManager: Shutting down and abandoning module AndroidDeviceDetection (106)
[2015.06.01-17.20.38:310][305]LogModuleManager: Shutting down and abandoning module AutomationWorker (105)
[2015.06.01-17.20.38:310][305]LogModuleManager: Shutting down and abandoning module CharacterAI (104)
[2015.06.01-17.20.38:310][305]LogModuleManager: Shutting down and abandoning module AITestSuite (103)
[2015.06.01-17.20.38:310][305]LogModuleManager: Shutting down and abandoning module GameplayDebugger (102)
[2015.06.01-17.20.38:310][305]LogModuleManager: Shutting down and abandoning module AIModule (101)
[2015.06.01-17.20.38:310][305]LogModuleManager: Shutting down and abandoning module GameLiveStreaming (100)
[2015.06.01-17.20.38:310][305]LogModuleManager: Shutting down and abandoning module StreamingPauseRendering (99)
[2015.06.01-17.20.38:310][305]LogModuleManager: Shutting down and abandoning module HTTP (98)
[2015.06.01-17.20.38:310][305]LogModuleManager: Shutting down and abandoning module AnalyticsET (97)
[2015.06.01-17.20.38:310][305]LogModuleManager: Shutting down and abandoning module Analytics (96)
[2015.06.01-17.20.38:310][305]LogModuleManager: Shutting down and abandoning module ProfilerService (95)
[2015.06.01-17.20.38:559][305]LogModuleManager: Shutting down and abandoning module TaskGraph (94)
[2015.06.01-17.20.38:559][305]LogModuleManager: Shutting down and abandoning module SlateRemote (93)
[2015.06.01-17.20.38:559][305]LogModuleManager: Shutting down and abandoning module CustomMeshComponent (92)
[2015.06.01-17.20.38:559][305]LogModuleManager: Shutting down and abandoning module CableComponent (91)
[2015.06.01-17.20.38:559][305]LogModuleManager: Shutting down and abandoning module DesktopPlatform (90)
[2015.06.01-17.20.38:559][305]LogModuleManager: Shutting down and abandoning module DirectoryWatcher (89)
[2015.06.01-17.20.38:559][305]LogModuleManager: Shutting down and abandoning module HotReload (88)
[2015.06.01-17.20.38:559][305]LogModuleManager: Shutting down and abandoning module VisualStudioSourceCodeAccess (87)
[2015.06.01-17.20.38:559][305]LogModuleManager: Shutting down and abandoning module UObjectPlugin (86)
[2015.06.01-17.20.38:559][305]LogModuleManager: Shutting down and abandoning module SubversionSourceControl (85)
[2015.06.01-17.20.38:559][305]LogModuleManager: Shutting down and abandoning module GitSourceControl (84)
[2015.06.01-17.20.38:559][305]LogModuleManager: Shutting down and abandoning module SourceControl (83)
[2015.06.01-17.20.38:559][305]LogModuleManager: Shutting down and abandoning module PerforceSourceControl (82)
[2015.06.01-17.20.38:559][305]LogModuleManager: Shutting down and abandoning module BlankPlugin (81)
[2015.06.01-17.20.38:559][305]LogModuleManager: Shutting down and abandoning module ScriptPlugin (80)
[2015.06.01-17.20.38:559][305]LogModuleManager: Shutting down and abandoning module UdpMessaging (79)
[2015.06.01-17.20.38:559][305]LogModuleManager: Shutting down and abandoning module Paper2D (78)
[2015.06.01-17.20.38:559][305]LogModuleManager: Shutting down and abandoning module WindowsMoviePlayer (77)
[2015.06.01-17.20.38:564][305]LogModuleManager: Shutting down and abandoning module Media (76)
[2015.06.01-17.20.38:564][305]LogModuleManager: Shutting down and abandoning module WmfMedia (75)
[2015.06.01-17.20.38:565][305]LogModuleManager: Shutting down and abandoning module OnlineBlueprintSupport (74)
[2015.06.01-17.20.38:565][305]LogModuleManager: Shutting down and abandoning module PropertyEditor (73)
[2015.06.01-17.20.38:565][305]LogModuleManager: Shutting down and abandoning module BehaviorTreeEditor (72)
[2015.06.01-17.20.38:565][305]LogModuleManager: Shutting down and abandoning module FunctionalTesting (71)
[2015.06.01-17.20.38:565][305]LogModuleManager: Shutting down and abandoning module CollisionAnalyzer (70)
[2015.06.01-17.20.38:565][305]LogModuleManager: Shutting down and abandoning module WorkspaceMenuStructure (69)
[2015.06.01-17.20.38:565][305]LogModuleManager: Shutting down and abandoning module MessageLog (68)
[2015.06.01-17.20.38:565][305]LogModuleManager: Shutting down and abandoning module Sequencer (67)
[2015.06.01-17.20.38:565][305]LogModuleManager: Shutting down and abandoning module AssetTools (66)
[2015.06.01-17.20.38:565][305]LogModuleManager: Shutting down and abandoning module UMGEditor (65)
[2015.06.01-17.20.38:565][305]LogModuleManager: Shutting down and abandoning module UMG (64)
[2015.06.01-17.20.38:565][305]LogModuleManager: Shutting down and abandoning module Slate (63)
[2015.06.01-17.20.38:565][305]LogModuleManager: Shutting down and abandoning module EditorStyle (62)
[2015.06.01-17.20.38:572][305]LogModuleManager: Shutting down and abandoning module SessionServices (61)
[2015.06.01-17.20.38:572][305]LogModuleManager: Shutting down and abandoning module SourceCodeAccess (60)
[2015.06.01-17.20.38:572][305]LogModuleManager: Shutting down and abandoning module HeadMountedDisplay (59)
[2015.06.01-17.20.38:572][305]LogModuleManager: Shutting down and abandoning module XAudio2 (58)
[2015.06.01-17.20.38:572][305]LogModuleManager: Shutting down and abandoning module Networking (56)
[2015.06.01-17.20.38:572][305]LogModuleManager: Shutting down and abandoning module Core (55)
[2015.06.01-17.20.38:572][305]LogModuleManager: Shutting down and abandoning module KismetCompiler (54)
[2015.06.01-17.20.38:572][305]LogModuleManager: Shutting down and abandoning module PhysXFormats (53)
[2015.06.01-17.20.38:572][305]LogModuleManager: Shutting down and abandoning module MeshUtilities (52)
[2015.06.01-17.20.38:573][305]LogModuleManager: Shutting down and abandoning module DerivedDataCache (51)
[2015.06.01-17.20.38:841][305]LogDerivedDataCache: Shutdown
[2015.06.01-17.20.38:841][305]LogModuleManager: Shutting down and abandoning module ShaderFormatOpenGL (50)
[2015.06.01-17.20.38:841][305]LogModuleManager: Shutting down and abandoning module ShaderFormatD3D (49)
[2015.06.01-17.20.38:841][305]LogModuleManager: Shutting down and abandoning module MetalShaderFormat (48)
[2015.06.01-17.20.38:841][305]LogModuleManager: Shutting down and abandoning module TextureFormatUncompressed (47)
[2015.06.01-17.20.38:841][305]LogModuleManager: Shutting down and abandoning module TextureFormatPVR (46)
[2015.06.01-17.20.38:841][305]LogModuleManager: Shutting down and abandoning module TextureFormatIntelISPCTexComp (45)
[2015.06.01-17.20.38:841][305]LogModuleManager: Shutting down and abandoning module TextureFormatDXT (44)
[2015.06.01-17.20.38:841][305]LogModuleManager: Shutting down and abandoning module ImageWrapper (43)
[2015.06.01-17.20.38:841][305]LogModuleManager: Shutting down and abandoning module TextureFormatASTC (42)
[2015.06.01-17.20.38:841][305]LogModuleManager: Shutting down and abandoning module TextureFormatAndroid (41)
[2015.06.01-17.20.38:841][305]LogModuleManager: Shutting down and abandoning module AudioFormatOpus (40)
[2015.06.01-17.20.38:841][305]LogModuleManager: Shutting down and abandoning module AudioFormatOgg (39)
[2015.06.01-17.20.38:841][305]LogModuleManager: Shutting down and abandoning module AudioFormatADPCM (38)
[2015.06.01-17.20.38:841][305]LogModuleManager: Shutting down and abandoning module LinuxTargetPlatform (37)
[2015.06.01-17.20.38:841][305]LogModuleManager: Shutting down and abandoning module LinuxServerTargetPlatform (36)
[2015.06.01-17.20.38:841][305]LogModuleManager: Shutting down and abandoning module LinuxNoEditorTargetPlatform (35)
[2015.06.01-17.20.38:841][305]LogModuleManager: Shutting down and abandoning module Messaging (34)
[2015.06.01-17.20.38:841][305]LogModuleManager: Shutting down and abandoning module IOSTargetPlatform (33)
[2015.06.01-17.20.38:841][305]LogModuleManager: Shutting down and abandoning module HTML5TargetPlatform (32)
[2015.06.01-17.20.38:841][305]LogModuleManager: Shutting down and abandoning module Android_PVRTCTargetPlatform (31)
[2015.06.01-17.20.38:841][305]LogModuleManager: Shutting down and abandoning module Android_ETC2TargetPlatform (30)
[2015.06.01-17.20.38:841][305]LogModuleManager: Shutting down and abandoning module Android_ETC1TargetPlatform (29)
[2015.06.01-17.20.38:841][305]LogModuleManager: Shutting down and abandoning module Android_ES31TargetPlatform (28)
[2015.06.01-17.20.38:841][305]LogModuleManager: Shutting down and abandoning module Android_DXTTargetPlatform (27)
[2015.06.01-17.20.38:841][305]LogModuleManager: Shutting down and abandoning module Android_ATCTargetPlatform (26)
[2015.06.01-17.20.38:841][305]LogModuleManager: Shutting down and abandoning module AndroidTargetPlatform (25)
[2015.06.01-17.20.38:841][305]LogModuleManager: Shutting down and abandoning module WindowsTargetPlatform (24)
[2015.06.01-17.20.38:841][305]LogModuleManager: Shutting down and abandoning module WindowsServerTargetPlatform (23)
[2015.06.01-17.20.38:841][305]LogModuleManager: Shutting down and abandoning module WindowsNoEditorTargetPlatform (22)
[2015.06.01-17.20.38:841][305]LogModuleManager: Shutting down and abandoning module WindowsClientTargetPlatform (21)
[2015.06.01-17.20.38:841][305]LogModuleManager: Shutting down and abandoning module TargetPlatform (20)
[2015.06.01-17.20.38:841][305]LogModuleManager: Shutting down and abandoning module InputCore (19)
[2015.06.01-17.20.38:841][305]LogModuleManager: Shutting down and abandoning module Settings (18)
[2015.06.01-17.20.38:841][305]LogModuleManager: Shutting down and abandoning module OnlineSubsystem (16)
[2015.06.01-17.20.38:841][305]LogModuleManager: Shutting down and abandoning module OculusRift (15)
[2015.06.01-17.20.38:841][305]LogModuleManager: Shutting down and abandoning module ExampleDeviceProfileSelector (14)
[2015.06.01-17.20.38:841][305]LogModuleManager: Shutting down and abandoning module TextureCompressor (13)
[2015.06.01-17.20.38:842][305]LogModuleManager: Shutting down and abandoning module ShaderCore (12)
[2015.06.01-17.20.38:842][305]LogModuleManager: Shutting down and abandoning module Landscape (11)
[2015.06.01-17.20.38:842][305]LogModuleManager: Shutting down and abandoning module SlateRHIRenderer (10)
[2015.06.01-17.20.38:842][305]LogModuleManager: Shutting down and abandoning module OpenGLDrv (9)
[2015.06.01-17.20.38:842][305]LogModuleManager: Shutting down and abandoning module D3D11RHI (8)
[2015.06.01-17.20.38:842][305]LogModuleManager: Shutting down and abandoning module Renderer (7)
[2015.06.01-17.20.38:842][305]LogModuleManager: Shutting down and abandoning module Engine (6)
[2015.06.01-17.20.38:842][305]LogModuleManager: Shutting down and abandoning module CoreUObject (5)
[2015.06.01-17.20.38:842][305]LogModuleManager: Shutting down and abandoning module NetworkFile (4)
[2015.06.01-17.20.38:842][305]LogModuleManager: Shutting down and abandoning module StreamingFile (3)
[2015.06.01-17.20.38:842][305]LogModuleManager: Shutting down and abandoning module SandboxFile (2)
[2015.06.01-17.20.38:842][305]LogModuleManager: Shutting down and abandoning module PakFile (1)
[2015.06.01-17.20.38:843][305]LogExit: Exiting.
[2015.06.01-17.20.38:845][305]Log file closed, 06/01/15 13:20:38
