Log file open, 06/01/15 12:16:06
LogInit:Display: Running engine for game: FightorFlight
LogInit: Version: 4.7.6-2513093+++depot+UE4-Releases+4.7
LogInit: API Version: 2455222
LogInit: Compiled (64-bit): Apr 15 2015 12:09:54
LogInit: Compiled with Visual C++: 18.00.21005.01
LogInit: Build Configuration: Development
LogInit: Branch Name: ++depot+UE4-Releases+4.7
LogInit: Command line:  
LogInit: Base directory: C:/Program Files/Epic Games/4.7/Engine/Binaries/Win64/
LogInit: Rocket: 1
[2015.06.01-16.16.06:432][  0]LogTaskGraph: Started task graph with 3 named threads and 4 total threads.
[2015.06.01-16.16.06:473][  0]LogOnline:Warning: No default platform service specified for OnlineSubsystem
[2015.06.01-16.16.06:499][  0]LogInit: Presizing for 0 objects not considered by GC, pre-allocating 0 bytes.
[2015.06.01-16.16.06:520][  0]LogInit: Object subsystem initialized
[2015.06.01-16.16.06:524][  0]LogConsoleResponse:Warning: Skipping Unknown console variable: 'TranslucentSortAxis = (X=0.000000,Y=-1.000000,Z=0.000000)'
[2015.06.01-16.16.06:524][  0]LogConsoleResponse:Warning:   Found in ini file 'C:/Users/Nirav/Documents/GitHub/Fight-or-Flight/FightorFlight/Saved/Config/Windows/Engine.ini', in section '[/Script/Engine.RendererSettings]'
[2015.06.01-16.16.06:524][  0]LogConsoleResponse:Warning: Skipping Unknown console variable: 'UIScaleRule = ShortestSide'
[2015.06.01-16.16.06:524][  0]LogConsoleResponse:Warning:   Found in ini file 'C:/Users/Nirav/Documents/GitHub/Fight-or-Flight/FightorFlight/Saved/Config/Windows/Engine.ini', in section '[/Script/Engine.RendererSettings]'
[2015.06.01-16.16.06:524][  0]LogConsoleResponse:Warning: Skipping Unknown console variable: 'UIScaleCurve = (EditorCurveData=(Keys=),ExternalCurve=None)'
[2015.06.01-16.16.06:524][  0]LogConsoleResponse:Warning:   Found in ini file 'C:/Users/Nirav/Documents/GitHub/Fight-or-Flight/FightorFlight/Saved/Config/Windows/Engine.ini', in section '[/Script/Engine.RendererSettings]'
[2015.06.01-16.16.06:525][  0]LogInit: Selected Device Profile: [Windows]
[2015.06.01-16.16.06:525][  0]LogInit: Applying CVar settings loaded from the selected device profile: [Windows]
[2015.06.01-16.16.06:540][  0]LogInit: Computer: NEE_LAPTOP
[2015.06.01-16.16.06:540][  0]LogInit: User: Nirav
[2015.06.01-16.16.06:540][  0]LogInit: CPU Page size=4096, Cores=2
[2015.06.01-16.16.06:540][  0]LogInit: High frequency timer resolution =1.656392 MHz
[2015.06.01-16.16.06:540][  0]LogMemory: Memory total: Physical=5.9GB (6GB approx) Virtual=131072.0GB
[2015.06.01-16.16.06:540][  0]LogMemory: Platform Memory Stats for Windows
[2015.06.01-16.16.06:540][  0]LogMemory: Process Physical Memory: 45.55 MB used, 45.55 MB peak
[2015.06.01-16.16.06:540][  0]LogMemory: Process Virtual Memory: 26.27 MB used, 26.27 MB peak
[2015.06.01-16.16.06:540][  0]LogMemory: Physical Memory: 3774.21 MB used, 6023.27 MB total
[2015.06.01-16.16.06:540][  0]LogMemory: Virtual Memory: 291.48 MB used, 134217728.00 MB total
[2015.06.01-16.16.06:556][  0]LogD3D11RHI: Found D3D11 adapter 0: Intel(R) HD Graphics 4000 (Feature Level 11_0)
[2015.06.01-16.16.06:556][  0]LogD3D11RHI: Adapter has 32MB of dedicated video memory, 0MB of dedicated system memory, and 1760MB of shared system memory, 1 output[s]
[2015.06.01-16.16.06:558][  0]LogD3D11RHI: Found D3D11 adapter 1: Microsoft Basic Render Driver (Feature Level 11_0)
[2015.06.01-16.16.06:558][  0]LogD3D11RHI: Adapter has 0MB of dedicated video memory, 0MB of dedicated system memory, and 256MB of shared system memory, 0 output[s]
[2015.06.01-16.16.06:558][  0]LogD3D11RHI: Chosen D3D11 Adapter Id = 0
[2015.06.01-16.16.06:571][  0]LogRHI: Texture pool is 638 MB (70% of 912 MB)
[2015.06.01-16.16.06:575][  0]LogD3D11RHI: Async texture creation enabled
[2015.06.01-16.16.06:631][  0]LogTextLocalizationManager: The requested culture ('en_US') has no localization data; parent culture's ('en') localization data will be used.
[2015.06.01-16.16.06:716][  0]LogTextLocalizationManager:Warning: Loading localization resources contain conflicting entries for (Namespace:UICommands, Key:Save_ToolTip):
Resource: (C:/Program Files/Epic Games/4.7/Engine/Content/Localization/Editor/en/Editor.locres) Hash: (-29098895) String: (Saves the current level to disk)
Resource: (C:/Program Files/Epic Games/4.7/Engine/Content/Localization/Engine/en/Engine.locres) Hash: (-1280300587) String: (Save selected data to vlog file)
[2015.06.01-16.16.06:717][  0]LogTextLocalizationManager:Warning: Loading localization resources contain conflicting entries for (Namespace:ContentBrowser, Key:ImportAssetToolTip):
Resource: (C:/Program Files/Epic Games/4.7/Engine/Content/Localization/Editor/en/Editor.locres) Hash: (-630476809) String: (Import to {0}...)
Resource: (C:/Program Files/Epic Games/4.7/Engine/Content/Localization/Editor/en/Editor.locres) Hash: (1271782899) String: (Imports an asset from file to this folder.)
[2015.06.01-16.16.06:834][  0]LogContentStreaming: Texture pool size is 0.000000MB
[2015.06.01-16.16.10:606][  0]LogTargetPlatformManager:Display: Building Assets For Windows
[2015.06.01-16.16.11:755][  0]LogTargetPlatformManager:Display: Building Assets For Windows
[2015.06.01-16.16.11:843][  0]LogDerivedDataCache:Display: Max Cache Size: 512 MB
[2015.06.01-16.16.12:327][  0]LogDerivedDataCache: Loaded boot cache 0.47s 39MB C:/Users/Nirav/AppData/Local/UnrealEngine/4.7/DerivedDataCache/Boot.ddc.
[2015.06.01-16.16.12:327][  0]LogDerivedDataCache:Display: Loaded Boot cache: C:/Users/Nirav/AppData/Local/UnrealEngine/4.7/DerivedDataCache/Boot.ddc
[2015.06.01-16.16.12:327][  0]LogDerivedDataCache: FDerivedDataBackendGraph:  Pak pak cache file ../../../../../../Users/Nirav/Documents/GitHub/Fight-or-Flight/FightorFlight/DerivedDataCache/DDC.ddp not found, will not use a pak cache.
[2015.06.01-16.16.12:328][  0]LogDerivedDataCache: Unable to find inner node Pak for hierarchical cache Hierarchy.
[2015.06.01-16.16.12:575][  0]LogDerivedDataCache:Display: Pak cache opened for reading ../../../Engine/DerivedDataCache/Compressed.ddp.
[2015.06.01-16.16.12:588][  0]LogDerivedDataCache: Using Local data cache path C:/Users/Nirav/AppData/Local/UnrealEngine/Common/DerivedDataCache: Writable
[2015.06.01-16.16.17:083][  0]LogMeshUtilities: No automatic mesh reduction module available
[2015.06.01-16.16.17:083][  0]LogMeshUtilities: No automatic mesh merging module available
[2015.06.01-16.16.18:788][  0]LogInit: WinSock: version 1.1 (2.2), MaxSocks=32767, MaxUdp=65467
[2015.06.01-16.16.19:076][  0]LogSlate:Warning: Failed to load font data from '../../../Engine/Content/Slate/Fonts/Roboto-Italic.ttf'
[2015.06.01-16.16.30:746][  0]UdpMessaging: Initializing bridge on interface 0.0.0.0:0 to multicast group 230.0.0.1:6666.
[2015.06.01-16.16.31:473][  0]SourceControl: Info Source control is disabled
[2015.06.01-16.16.31:473][  0]SourceControl: Info Source control is disabled
[2015.06.01-16.16.31:473][  0]SourceControl: Info Source control is disabled
[2015.06.01-16.16.31:473][  0]LogSourceControl: RunCommandInternalRaw: 'git version'
[2015.06.01-16.16.31:473][  0]LogSourceControl: RunCommandInternalRaw: ExecProcess ReturnCode=2 OutResults=''
[2015.06.01-16.16.31:488][  0]SourceControl: Info Source control is disabled
[2015.06.01-16.16.32:221][  0]LogObj: 24232 objects as part of root set at end of initial load.
[2015.06.01-16.16.32:221][  0]LogUObjectAllocator: 5137176 out of 0 bytes used by permanent object pool.
[2015.06.01-16.16.32:419][  0]LogEngine: Initializing Engine...
[2015.06.01-16.16.35:185][  0]LogInit: XAudio2 using 'Speaker/HP (Realtek High Definition Audio)' : 2 channels at 44.1 kHz using 16 bits per sample (channel mask 0x3)
[2015.06.01-16.16.35:228][  0]LogInit: FAudioDevice initialized.
[2015.06.01-16.16.35:461][  0]LogAIModule: Creating AISystem for world NewWorld
[2015.06.01-16.16.35:470][  0]LogDerivedDataCache:Error: Could not save memory cache C:/Users/Nirav/AppData/Local/UnrealEngine/4.7/DerivedDataCache/Boot.ddc.
[2015.06.01-16.16.35:478][  0]LogInit: Texture streaming: Enabled
[2015.06.01-16.16.36:570][  0]LogAnalytics: Creating configured Analytics provider AnalyticsET
[2015.06.01-16.16.36:570][  0]LogAnalytics: ET APIKey = Rocket.Release. APIServer = http://et2.epicgames.com/ET2/. AppVersion = 4.7.6-2513093+++depot+UE4-Releases+4.7
[2015.06.01-16.16.36:570][  0]LogAnalytics: ET APIKey = Rocket.Release. DataRouterUploadURL = https://datarouter-public-service-gamedev.ol.epicgames.net/datarouter/api/v1/public/data. AppVersion = 4.7.6-2513093+++depot+UE4-Releases+4.7
[2015.06.01-16.16.36:570][  0]LogAnalytics: SetUserId d3cdc7f1421df128e2a94399f3ef61a3|185b8fa6dc874aafbf3d59a8dc12725a|d1dd4f55-b61a-4239-878f-8a7729ce515c
[2015.06.01-16.16.36:571][  0]LogAnalytics: AnalyticsET::StartSession [Rocket.Release]
[2015.06.01-16.16.36:670][  0]LogInit: Transaction tracking system initialized
[2015.06.01-16.16.37:654][  0]BlueprintLog: New page: Editor Load
[2015.06.01-16.16.37:751][  0]LogAssetRegistry: FAssetRegistry took 0.0129 seconds to start up
[2015.06.01-16.16.37:752][  0]LogDirectoryWatcher:Warning: Failed to begin reading directory changes for ../../../Engine/Plugins/Experimental/CharacterAI/Content/. Error: 0
[2015.06.01-16.16.39:758][  0]LogTargetPlatformManager:Display: Building Assets For Windows
[2015.06.01-16.16.40:588][  0]LogTargetPlatformManager:Display: Building Assets For Windows
[2015.06.01-16.16.41:536][  0]LogSlate:Warning: Failed to load font data from '../../../Engine/Content/Editor/Slate/Fonts/Roboto-Regular.ttf'
[2015.06.01-16.16.41:537][  0]LogSlate:Warning: Failed to load font data from '../../../Engine/Content/Editor/Slate/Fonts/Roboto-Bold.ttf'
[2015.06.01-16.16.41:553][  0]LogConsoleResponse:Display: 
[2015.06.01-16.16.42:963][  0]LogCook:Display: Done creating registry. It took  0.00s.
[2015.06.01-16.16.43:750][  0]SourceControl: Info Source control is disabled
[2015.06.01-16.16.43:750][  0]Cmd: MAP LOAD FILE="../../../../../../Users/Nirav/Documents/GitHub/Fight-or-Flight/FightorFlight/Content/FirstPersonBP/Maps/FirstPersonExampleMap.umap" TEMPLATE=0 SHOWPROGRESS=1 FEATURELEVEL=3
[2015.06.01-16.16.43:802][  0]LightingResults: New page: Lighting Build
[2015.06.01-16.16.43:825][  0]MapCheck: New page: Map Check
[2015.06.01-16.16.43:825][  0]LightingResults: New page: Lighting Build
[2015.06.01-16.16.43:846][  0]LogParticles: Destroying 0 GPU particle simulations for FXSystem 0x00000076991CE980
[2015.06.01-16.16.43:953][  0]LogLinker:Warning: Asset '../../../Engine/Content/EngineMeshes/Humanoid.uasset' has been saved with empty engine version. The asset will be loaded but may be incompatible.
[2015.06.01-16.16.47:498][  0]LogEditorServer: Finished looking for orphan Actors (0.000 secs)
[2015.06.01-16.16.48:982][  0]LogAIModule: Creating AISystem for world FirstPersonExampleMap
[2015.06.01-16.16.48:983][  0]Cmd: MAP CHECKDEP
[2015.06.01-16.16.48:983][  0]MapCheck: New page: FirstPersonExampleMap - Jun 1, 2015, 8:16:48 AM
[2015.06.01-16.16.49:091][  0]MapCheck: Info Map check complete: 0 Error(s), 0 Warning(s), took 107.501ms to complete.
[2015.06.01-16.16.49:091][  0]LogFileHelpers: Loading map 'FirstPersonExampleMap' took 5.341
[2015.06.01-16.16.49:495][  0]LogCollectionManager: Loaded 0 collections in 0.003224 seconds
[2015.06.01-16.16.49:510][  0]LogContentBrowser: Native class hierarchy populated in 0.0154 seconds. Added 1696 classes and 261 folders.
[2015.06.01-16.16.49:972][  0]LogContentBrowser: Native class hierarchy updated for 'SceneOutliner' in 0.0036 seconds. Added 1 classes and 2 folders.
[2015.06.01-16.16.51:214][  0]LogCrashTracker: Crashtracker disabled due to settings.
[2015.06.01-16.16.51:216][  0]LogSlate:Warning: Failed to load font data from 'Veranda'
[2015.06.01-16.16.51:221][  0]LogUObjectGlobals:Warning: Failed to find object 'Class None.'
[2015.06.01-16.16.51:249][  0]LogLoad: Full Startup: 48.42 seconds (BP compile: 0.92 seconds)
[2015.06.01-16.16.51:672][  0]LogContentBrowser:Verbose: The content browser source was changed by the sources view to '/Game/StarterContent/Audio'
[2015.06.01-16.16.53:310][  0]LogRenderer:Warning: Reallocating scene render targets to support 728x376 (Frame:2).
[2015.06.01-16.16.57:967][  6]LogAssetRegistry: Asset discovery search completed in 20.2296 seconds
[2015.06.01-16.16.58:292][  7]AssetReimport: New page: Outstanding source content changes 8:16:58 AM
[2015.06.01-16.16.58:294][  7]LogFactory: FactoryCreateBinary: SoundWave with ReimportSoundFactory (0 0 C:/Users/Nirav/Documents/GitHub/Fight-or-Flight/FightorFlight/Content/StarterContent/Audio/Forest at Night Sounds.wav)
[2015.06.01-16.17.05:865][  7]LogFactory: FactoryCreateBinary: SoundWave with ReimportSoundFactory (0 0 C:/Users/Nirav/Documents/GitHub/Fight-or-Flight/FightorFlight/Content/StarterContent/Audio/HolFix - Death Awaits.wav)
[2015.06.01-16.17.05:958][  7]LogFactory: FactoryCreateBinary: SoundWave with ReimportSoundFactory (0 0 C:/Users/Nirav/Documents/GitHub/Fight-or-Flight/FightorFlight/Content/StarterContent/Audio/HolFix - The Approach.wav)
[2015.06.01-16.17.06:098][  7]LogFactory: FactoryCreateBinary: Texture with ReimportTextureFactory (0 0 C:/Users/Nirav/Documents/GitHub/Fight-or-Flight/FightorFlight/Content/StarterContent/Audio/teen-wolf-teen-wolf-33481044-2560-1440.jpg)
[2015.06.01-16.17.13:927][  7]0.000054 seconds to analyze Texture2D /Game/StarterContent/Audio/teen-wolf-teen-wolf-33481044-2560-1440.teen-wolf-teen-wolf-33481044-2560-1440

[2015.06.01-16.17.20:376][  8]LogSavePackage: Save=5160.404297ms
[2015.06.01-16.17.20:376][  8]LogSavePackage: Moving '../../../../../../Users/Nirav/Documents/GitHub/Fight-or-Flight/FightorFlight/Saved/teen-wolf-teen-wolf-33481044-2560-1440FEF07A8A420420B83F464696FCA0E446.tmp' to '../../../../../../Users/Nirav/Documents/GitHub/Fight-or-Flight/FightorFlight/Content/StarterContent/Audio/teen-wolf-teen-wolf-33481044-2560-1440.uasset'
[2015.06.01-16.17.20:477][  9]AssetReimport: Info Creating new asset /Game/StarterContent/Audio/Forest_at_Night_Sounds.
[2015.06.01-16.17.20:477][  9]AssetReimport:Error: Error Failed to import file C:/Users/Nirav/Documents/GitHub/Fight-or-Flight/FightorFlight/Content/StarterContent/Audio/Forest at Night Sounds.wav.
[2015.06.01-16.17.20:477][  9]AssetReimport: Info Creating new asset /Game/StarterContent/Audio/HolFix_-_Death_Awaits.
[2015.06.01-16.17.20:478][  9]AssetReimport:Error: Error Failed to import file C:/Users/Nirav/Documents/GitHub/Fight-or-Flight/FightorFlight/Content/StarterContent/Audio/HolFix - Death Awaits.wav.
[2015.06.01-16.17.20:478][  9]AssetReimport: Info Creating new asset /Game/StarterContent/Audio/HolFix_-_The_Approach.
[2015.06.01-16.17.20:478][  9]AssetReimport:Error: Error Failed to import file C:/Users/Nirav/Documents/GitHub/Fight-or-Flight/FightorFlight/Content/StarterContent/Audio/HolFix - The Approach.wav.
[2015.06.01-16.17.20:478][  9]AssetReimport: Info Creating new asset /Game/StarterContent/Audio/teen-wolf-teen-wolf-33481044-2560-1440.
[2015.06.01-16.17.34:586][493]LogMaterial: Missing cached shader map for material teen-wolf-teen-wolf-33481044-2560-1440_Mat, compiling. 
[2015.06.01-16.17.34:638][493]LogMaterial:Warning: Material /Game/StarterContent/Audio/teen-wolf-teen-wolf-33481044-2560-1440_Mat.teen-wolf-teen-wolf-33481044-2560-1440_Mat needed to have new flag set bUsedWithStaticLighting !
[2015.06.01-16.17.34:640][493]LogMaterial: Missing cached shader map for material teen-wolf-teen-wolf-33481044-2560-1440_Mat, compiling. 
[2015.06.01-16.17.34:668][493]LogMaterial: 0.000077 seconds spent updating 1 materials, 1 interfaces, 0 instances, 0 with static permutations.
[2015.06.01-16.17.39:066][595]LogPlayLevel: PIE:  No blueprints needed recompiling
[2015.06.01-16.17.39:067][595]PIE: New page: PIE session: FirstPersonExampleMap (Jun 1, 2015, 8:17:39 AM)
[2015.06.01-16.17.39:102][595]LogPlayLevel: PIE: StaticDuplicateObject took: (0.033676s)
[2015.06.01-16.17.39:103][595]LogPlayLevel: PIE: World Init took: (0.001528s)
[2015.06.01-16.17.39:104][595]LogPlayLevel: PIE: Created PIE world by copying editor world from /Game/FirstPersonBP/Maps/FirstPersonExampleMap.FirstPersonExampleMap to /Game/FirstPersonBP/Maps/UEDPIE_0_FirstPersonExampleMap.FirstPersonExampleMap (0.035753s)
[2015.06.01-16.17.39:452][595]LogWorld: Game class is 'FirstPersonGameMode_C'
[2015.06.01-16.17.39:456][595]LogAIModule: Creating AISystem for world FirstPersonExampleMap
[2015.06.01-16.17.39:471][595]LogWorld: Bringing World /Game/FirstPersonBP/Maps/UEDPIE_0_FirstPersonExampleMap.FirstPersonExampleMap up for play (max tick rate 0) at 2015.06.01-12.17.39
[2015.06.01-16.17.39:473][595]LogWorld: Bringing up level for play took: 0.015875
[2015.06.01-16.17.39:477][595]PIE: Info Play in editor start time for /Game/FirstPersonBP/Maps/UEDPIE_0_FirstPersonExampleMap 1.003
[2015.06.01-16.18.26:359][  1]LogParticles: Destroying 0 GPU particle simulations for FXSystem 0x00000076913E3920
[2015.06.01-16.18.27:134][ 21]Cmd: SELECT NONE
[2015.06.01-16.18.29:222][ 72]Cmd: TRANSACTION UNDO
[2015.06.01-16.18.29:222][ 72]LogEditorTransaction: Undo Select None
[2015.06.01-16.18.30:714][107]Cmd: TRANSACTION UNDO
[2015.06.01-16.18.30:714][107]LogEditorTransaction: Undo Assign Material to Component (Drag and Drop)
[2015.06.01-16.18.41:838][364]LogTexture:Display: Building textures: Texture2D_2 (G8)
[2015.06.01-16.19.04:749][872]LogWindows: LaunchURL https://docs.unrealengine.com/latest/INT/Engine/Landscape/Creation/index.html
[2015.06.01-16.19.29:796][335]LogTexture:Display: Building textures: T_ground_Moss_D (AutoDXT)
[2015.06.01-16.19.41:312][335]LogTexture:Display: Building textures: T_Ground_Moss_N (BC5)
[2015.06.01-16.19.42:984][335]LogTexture:Display: Building textures: T_Perlin_Noise_M (AutoDXT)
[2015.06.01-16.19.53:313][335]LogMaterial: Missing cached shader map for material M_Ground_Moss, compiling. 
[2015.06.01-16.20.49:310][305]LogTexture:Display: Building textures: Texture2D_3 (BGRA8)
[2015.06.01-16.20.49:330][305]LogTexture:Display: Building textures: Texture2D_4 (BGRA8)
[2015.06.01-16.20.49:352][305]LogTexture:Display: Building textures: Texture2D_5 (BGRA8)
[2015.06.01-16.20.49:374][305]LogTexture:Display: Building textures: Texture2D_6 (BGRA8)
[2015.06.01-16.20.49:395][305]LogTexture:Display: Building textures: Texture2D_7 (BGRA8)
[2015.06.01-16.20.49:416][305]LogTexture:Display: Building textures: Texture2D_8 (BGRA8)
[2015.06.01-16.20.49:435][305]LogTexture:Display: Building textures: Texture2D_9 (BGRA8)
[2015.06.01-16.20.49:455][305]LogTexture:Display: Building textures: Texture2D_10 (BGRA8)
[2015.06.01-16.20.49:475][305]LogTexture:Display: Building textures: Texture2D_11 (BGRA8)
[2015.06.01-16.20.49:494][305]LogTexture:Display: Building textures: Texture2D_12 (BGRA8)
[2015.06.01-16.20.49:515][305]LogTexture:Display: Building textures: Texture2D_13 (BGRA8)
[2015.06.01-16.20.49:536][305]LogTexture:Display: Building textures: Texture2D_14 (BGRA8)
[2015.06.01-16.20.49:556][305]LogTexture:Display: Building textures: Texture2D_15 (BGRA8)
[2015.06.01-16.20.49:577][305]LogTexture:Display: Building textures: Texture2D_16 (BGRA8)
[2015.06.01-16.20.49:597][305]LogTexture:Display: Building textures: Texture2D_17 (BGRA8)
[2015.06.01-16.20.49:617][305]LogTexture:Display: Building textures: Texture2D_18 (BGRA8)
[2015.06.01-16.20.50:326][306]Cmd: UpdateLandscapeEditorData
[2015.06.01-16.20.52:592][343]LogPlayLevel: PIE:  No blueprints needed recompiling
[2015.06.01-16.20.52:592][343]PIE: New page: PIE session: FirstPersonExampleMap (Jun 1, 2015, 8:20:52 AM)
[2015.06.01-16.20.52:875][343]LogPlayLevel: PIE: StaticDuplicateObject took: (0.260971s)
[2015.06.01-16.20.52:877][343]LogPlayLevel: PIE: World Init took: (0.002169s)
[2015.06.01-16.20.52:878][343]LogPlayLevel: PIE: Created PIE world by copying editor world from /Game/FirstPersonBP/Maps/FirstPersonExampleMap.FirstPersonExampleMap to /Game/FirstPersonBP/Maps/UEDPIE_0_FirstPersonExampleMap.FirstPersonExampleMap (0.263684s)
[2015.06.01-16.20.52:932][343]LogWorld: Game class is 'FirstPersonGameMode_C'
[2015.06.01-16.20.52:935][343]LogAIModule: Creating AISystem for world FirstPersonExampleMap
[2015.06.01-16.20.53:477][343]LogWorld: Bringing World /Game/FirstPersonBP/Maps/UEDPIE_0_FirstPersonExampleMap.FirstPersonExampleMap up for play (max tick rate 0) at 2015.06.01-12.20.53
[2015.06.01-16.20.53:482][343]LogWorld: Bringing up level for play took: 0.546374
[2015.06.01-16.20.53:485][343]PIE: Info Play in editor start time for /Game/FirstPersonBP/Maps/UEDPIE_0_FirstPersonExampleMap 1.011
[2015.06.01-16.22.04:991][ 84]LogParticles: Destroying 0 GPU particle simulations for FXSystem 0x00000076C2730E00
[2015.06.01-16.23.55:453][991]Cmd: TRANSACTION UNDO
[2015.06.01-16.23.55:453][991]LogEditorTransaction: Undo Landscape Editing: Sculpt
[2015.06.01-16.23.55:536][991]LogTexture:Display: Building textures: Texture2D_12 (BGRA8)
[2015.06.01-16.23.55:566][991]LogTexture:Display: Building textures: Texture2D_13 (BGRA8)
[2015.06.01-16.23.55:604][991]LogTexture:Display: Building textures: Texture2D_8 (BGRA8)
[2015.06.01-16.23.55:625][991]LogTexture:Display: Building textures: Texture2D_9 (BGRA8)
[2015.06.01-16.23.55:919][995]Cmd: TRANSACTION UNDO
[2015.06.01-16.23.55:919][995]LogEditorTransaction: Undo Landscape Editing: Sculpt
[2015.06.01-16.24.04:447][119]LogEditorViewport: Clicking on Actor (LMB): StaticMeshActor (Wall8)
[2015.06.01-16.24.05:301][127]LogEditorViewport: Clicking on Actor (LMB): StaticMeshActor (Wall8)
[2015.06.01-16.24.06:302][142]Cmd: DELETE
[2015.06.01-16.24.06:302][142]Cmd: ACTOR DELETE
[2015.06.01-16.24.06:315][142]LogEditorActor: Deleted Actor: StaticMeshActor
[2015.06.01-16.24.06:381][142]LogEditorActor: Deleted 1 Actors (0.078 secs)
[2015.06.01-16.24.07:621][160]LogEditorViewport: Clicking on Actor (LMB): StaticMeshActor (Wall7)
[2015.06.01-16.24.08:589][175]Cmd: DELETE
[2015.06.01-16.24.08:589][175]Cmd: ACTOR DELETE
[2015.06.01-16.24.08:603][175]LogEditorActor: Deleted Actor: StaticMeshActor
[2015.06.01-16.24.08:675][175]LogEditorActor: Deleted 1 Actors (0.085 secs)
[2015.06.01-16.24.09:483][187]LogEditorViewport: Clicking on Actor (LMB): LightmassImportanceVolume (LightmassImportanceVolume)
[2015.06.01-16.24.10:394][201]Cmd: DELETE
[2015.06.01-16.24.10:394][201]Cmd: ACTOR DELETE
[2015.06.01-16.24.10:407][201]LogEditorActor: Deleted Actor: LightmassImportanceVolume
[2015.06.01-16.24.10:468][201]LogEditorActor: Deleted 1 Actors (0.073 secs)
[2015.06.01-16.24.12:978][238]LogEditorViewport: Clicking on Actor (LMB): StaticMeshActor (Wall1)
[2015.06.01-16.24.13:930][251]Cmd: DELETE
[2015.06.01-16.24.13:930][251]Cmd: ACTOR DELETE
[2015.06.01-16.24.13:942][251]LogEditorActor: Deleted Actor: StaticMeshActor
[2015.06.01-16.24.13:989][251]LogEditorActor: Deleted 1 Actors (0.059 secs)
[2015.06.01-16.24.14:890][265]LogEditorViewport: Clicking on Actor (LMB): StaticMeshActor (Floor2)
[2015.06.01-16.24.16:014][281]Cmd: DELETE
[2015.06.01-16.24.16:014][281]Cmd: ACTOR DELETE
[2015.06.01-16.24.16:027][281]LogEditorActor: Deleted Actor: StaticMeshActor
[2015.06.01-16.24.16:099][281]LogEditorActor: Deleted 1 Actors (0.084 secs)
[2015.06.01-16.24.17:459][301]LogEditorViewport: Clicking on Actor (LMB): StaticMeshActor (Wall9)
[2015.06.01-16.24.18:420][316]Cmd: DELETE
[2015.06.01-16.24.18:420][316]Cmd: ACTOR DELETE
[2015.06.01-16.24.18:432][316]LogEditorActor: Deleted Actor: StaticMeshActor
[2015.06.01-16.24.18:479][316]LogEditorActor: Deleted 1 Actors (0.058 secs)
[2015.06.01-16.25.14:270][119]LogEditorViewport: Clicking on Actor (LMB): StaticMeshActor (BigWall2)
[2015.06.01-16.25.15:894][142]Cmd: DELETE
[2015.06.01-16.25.15:894][142]Cmd: ACTOR DELETE
[2015.06.01-16.25.15:906][142]LogEditorActor: Deleted Actor: StaticMeshActor
[2015.06.01-16.25.15:955][142]LogEditorActor: Deleted 1 Actors (0.061 secs)
[2015.06.01-16.25.16:892][155]LogEditorViewport: Clicking on Actor (LMB): Landscape (Landscape)
[2015.06.01-16.25.16:958][155]Cmd: DELETE
[2015.06.01-16.25.16:958][155]Cmd: ACTOR DELETE
[2015.06.01-16.25.16:959][155]LogEditorActor: Deleted Actor: Landscape
[2015.06.01-16.25.17:697][155]LogEditorActor: Deleted 1 Actors (0.740 secs)
[2015.06.01-16.25.17:708][156]Cmd: UpdateLandscapeEditorData
[2015.06.01-16.25.17:764][157]LogEditorViewport: Clicking on Actor (LMB): StaticMeshActor (Cube10)
[2015.06.01-16.25.19:555][195]Cmd: TRANSACTION UNDO
[2015.06.01-16.25.19:555][195]LogEditorTransaction: Undo Clicking on Actors
[2015.06.01-16.25.21:390][233]Cmd: TRANSACTION UNDO
[2015.06.01-16.25.21:390][233]LogEditorTransaction: Undo Delete Actors
[2015.06.01-16.25.55:653][233]LogEditorViewport: Clicking on Actor (LMB): BP_Sky_Sphere_C (SkySphereBlueprint)
[2015.06.01-16.25.55:682][233]LogEditorViewport: Clicking on Actor (LMB): Landscape (Landscape)
[2015.06.01-16.25.55:717][233]LogEditorViewport: Clicking on Actor (LMB): Landscape (Landscape)
[2015.06.01-16.25.56:160][234]Cmd: UpdateLandscapeEditorData
[2015.06.01-16.26.02:884][324]LogEditorViewport: Clicking on Actor (LMB): StaticMeshActor (BigWall)
[2015.06.01-16.26.04:817][350]Cmd: DELETE
[2015.06.01-16.26.04:817][350]Cmd: ACTOR DELETE
[2015.06.01-16.26.04:829][350]LogEditorActor: Deleted Actor: StaticMeshActor
[2015.06.01-16.26.04:877][350]LogEditorActor: Deleted 1 Actors (0.059 secs)
[2015.06.01-16.26.06:810][377]LogEditorViewport: Clicking on Actor (LMB): StaticMeshActor (LargeCube2)
[2015.06.01-16.26.06:987][379]Cmd: DELETE
[2015.06.01-16.26.06:987][379]Cmd: ACTOR DELETE
[2015.06.01-16.26.06:998][379]LogEditorActor: Deleted Actor: StaticMeshActor
[2015.06.01-16.26.07:069][379]LogEditorActor: Deleted 1 Actors (0.081 secs)
[2015.06.01-16.26.07:898][392]LogEditorViewport: Clicking on Actor (LMB): StaticMeshActor (Cube05)
[2015.06.01-16.26.08:118][393]Cmd: DELETE
[2015.06.01-16.26.08:119][393]Cmd: ACTOR DELETE
[2015.06.01-16.26.08:128][393]LogEditorActor: Deleted Actor: StaticMeshActor
[2015.06.01-16.26.08:161][393]LogEditorActor: Deleted 1 Actors (0.042 secs)
[2015.06.01-16.26.09:239][409]LogEditorViewport: Clicking on Actor (LMB): StaticMeshActor (Cube04)
[2015.06.01-16.26.09:532][412]Cmd: DELETE
[2015.06.01-16.26.09:532][412]Cmd: ACTOR DELETE
[2015.06.01-16.26.09:541][412]LogEditorActor: Deleted Actor: StaticMeshActor
[2015.06.01-16.26.09:573][412]LogEditorActor: Deleted 1 Actors (0.041 secs)
[2015.06.01-16.26.10:865][431]LogEditorViewport: Clicking on Actor (LMB): StaticMeshActor (Cube01)
[2015.06.01-16.26.11:088][433]Cmd: DELETE
[2015.06.01-16.26.11:088][433]Cmd: ACTOR DELETE
[2015.06.01-16.26.11:097][433]LogEditorActor: Deleted Actor: StaticMeshActor
[2015.06.01-16.26.11:130][433]LogEditorActor: Deleted 1 Actors (0.041 secs)
[2015.06.01-16.26.11:797][443]LogEditorViewport: Clicking on Actor (LMB): StaticMeshActor (Cube03)
[2015.06.01-16.26.11:963][445]Cmd: DELETE
[2015.06.01-16.26.11:963][445]Cmd: ACTOR DELETE
[2015.06.01-16.26.11:973][445]LogEditorActor: Deleted Actor: StaticMeshActor
[2015.06.01-16.26.12:017][445]LogEditorActor: Deleted 1 Actors (0.054 secs)
[2015.06.01-16.26.12:675][456]LogEditorViewport: Clicking on Actor (LMB): StaticMeshActor (Cube03)
[2015.06.01-16.26.12:817][456]Cmd: DELETE
[2015.06.01-16.26.12:817][456]Cmd: ACTOR DELETE
[2015.06.01-16.26.12:826][456]LogEditorActor: Deleted Actor: StaticMeshActor
[2015.06.01-16.26.12:859][456]LogEditorActor: Deleted 1 Actors (0.041 secs)
[2015.06.01-16.26.13:875][471]LogEditorViewport: Clicking on Actor (LMB): StaticMeshActor (Cube02)
[2015.06.01-16.26.14:261][477]Cmd: DELETE
[2015.06.01-16.26.14:261][477]Cmd: ACTOR DELETE
[2015.06.01-16.26.14:273][477]LogEditorActor: Deleted Actor: StaticMeshActor
[2015.06.01-16.26.14:324][477]LogEditorActor: Deleted 1 Actors (0.063 secs)
[2015.06.01-16.26.15:628][495]LogEditorViewport: Clicking on Actor (LMB): FirstPersonCharacter_C (FirstPersonCharacter)
[2015.06.01-16.26.17:200][510]LogEditorViewport: Clicking on Actor (LMB): Landscape (Landscape)
[2015.06.01-16.26.17:908][519]LogEditorViewport: Clicking on Actor (LMB): TextRenderActor (TemplateLabel)
[2015.06.01-16.26.18:532][528]Cmd: DELETE
[2015.06.01-16.26.18:532][528]Cmd: ACTOR DELETE
[2015.06.01-16.26.18:543][528]LogEditorActor: Deleted Actor: TextRenderActor
[2015.06.01-16.26.18:614][528]LogEditorActor: Deleted 1 Actors (0.082 secs)
[2015.06.01-16.26.20:118][549]LogEditorViewport: Clicking on Actor (LMB): StaticMeshActor (LargeCube)
[2015.06.01-16.26.20:292][551]Cmd: DELETE
[2015.06.01-16.26.20:292][551]Cmd: ACTOR DELETE
[2015.06.01-16.26.20:301][551]LogEditorActor: Deleted Actor: StaticMeshActor
[2015.06.01-16.26.20:343][551]LogEditorActor: Deleted 1 Actors (0.051 secs)
[2015.06.01-16.26.21:350][566]LogEditorViewport: Clicking on Actor (LMB): StaticMeshActor (Cube06)
[2015.06.01-16.26.21:495][566]Cmd: DELETE
[2015.06.01-16.26.21:495][566]Cmd: ACTOR DELETE
[2015.06.01-16.26.21:504][566]LogEditorActor: Deleted Actor: StaticMeshActor
[2015.06.01-16.26.21:537][566]LogEditorActor: Deleted 1 Actors (0.042 secs)
[2015.06.01-16.26.23:105][590]LogEditorViewport: Clicking on Actor (LMB): Landscape (Landscape)
[2015.06.01-16.26.23:523][595]Cmd: DELETE
[2015.06.01-16.26.23:523][595]Cmd: ACTOR DELETE
[2015.06.01-16.26.23:525][595]LogEditorActor: Deleted Actor: Landscape
[2015.06.01-16.26.24:319][595]LogEditorActor: Deleted 1 Actors (0.796 secs)
[2015.06.01-16.26.24:328][596]Cmd: UpdateLandscapeEditorData
[2015.06.01-16.26.24:585][603]LogEditorViewport: Clicking on Actor (LMB): BP_Sky_Sphere_C (SkySphereBlueprint)
[2015.06.01-16.26.26:295][639]Cmd: TRANSACTION UNDO
[2015.06.01-16.26.26:295][639]LogEditorTransaction: Undo Clicking on Actors
[2015.06.01-16.26.27:288][660]Cmd: TRANSACTION UNDO
[2015.06.01-16.26.27:288][660]LogEditorTransaction: Undo Delete Actors
[2015.06.01-16.27.01:915][661]Cmd: UpdateLandscapeEditorData
[2015.06.01-16.27.01:931][661]LogEditorViewport: Clicking on Actor (LMB): BP_Sky_Sphere_C (SkySphereBlueprint)
[2015.06.01-16.27.04:768][702]LogEditorViewport: Clicking on Actor (LMB): StaticMeshActor (Cube10)
[2015.06.01-16.27.06:624][726]Cmd: DELETE
[2015.06.01-16.27.06:624][726]Cmd: ACTOR DELETE
[2015.06.01-16.27.06:635][726]LogEditorActor: Deleted Actor: StaticMeshActor
[2015.06.01-16.27.06:685][726]LogEditorActor: Deleted 1 Actors (0.061 secs)
[2015.06.01-16.27.08:329][748]LogEditorViewport: Clicking on Actor (LMB): StaticMeshActor (Cube09)
[2015.06.01-16.27.08:851][756]Cmd: DELETE
[2015.06.01-16.27.08:851][756]Cmd: ACTOR DELETE
[2015.06.01-16.27.08:863][756]LogEditorActor: Deleted Actor: StaticMeshActor
[2015.06.01-16.27.08:924][756]LogEditorActor: Deleted 1 Actors (0.073 secs)
[2015.06.01-16.27.09:794][768]LogEditorViewport: Clicking on Actor (LMB): StaticMeshActor (Cube11)
[2015.06.01-16.27.10:227][773]Cmd: DELETE
[2015.06.01-16.27.10:227][773]Cmd: ACTOR DELETE
[2015.06.01-16.27.10:236][773]LogEditorActor: Deleted Actor: StaticMeshActor
[2015.06.01-16.27.10:269][773]LogEditorActor: Deleted 1 Actors (0.042 secs)
[2015.06.01-16.27.11:077][785]LogEditorViewport: Clicking on Actor (LMB): StaticMeshActor (Cube07)
[2015.06.01-16.27.11:656][792]Cmd: DELETE
[2015.06.01-16.27.11:656][792]Cmd: ACTOR DELETE
[2015.06.01-16.27.11:665][792]LogEditorActor: Deleted Actor: StaticMeshActor
[2015.06.01-16.27.11:698][792]LogEditorActor: Deleted 1 Actors (0.042 secs)
[2015.06.01-16.27.12:722][809]LogEditorViewport: Clicking on Actor (LMB): StaticMeshActor (Cube08)
[2015.06.01-16.27.13:088][812]Cmd: DELETE
[2015.06.01-16.27.13:089][812]Cmd: ACTOR DELETE
[2015.06.01-16.27.13:098][812]LogEditorActor: Deleted Actor: StaticMeshActor
[2015.06.01-16.27.13:131][812]LogEditorActor: Deleted 1 Actors (0.042 secs)
[2015.06.01-16.27.22:446][945]LogEditorViewport: Clicking on Actor (LMB): SphereReflectionCapture (SphereReflectionCapture)
[2015.06.01-16.27.25:722][992]Cmd: DELETE
[2015.06.01-16.27.25:722][992]Cmd: ACTOR DELETE
[2015.06.01-16.27.25:733][992]LogEditorActor: Deleted Actor: SphereReflectionCapture
[2015.06.01-16.27.25:787][992]LogEditorActor: Deleted 1 Actors (0.065 secs)
[2015.06.01-16.27.26:698][  6]LogEditorViewport: Clicking on Actor (LMB): PlayerStart (NetworkPlayerStart)
[2015.06.01-16.27.28:104][ 26]Cmd: DELETE
[2015.06.01-16.27.28:104][ 26]Cmd: ACTOR DELETE
[2015.06.01-16.27.28:115][ 26]LogEditorActor: Deleted Actor: PlayerStart
[2015.06.01-16.27.28:167][ 26]LogEditorActor: Deleted 1 Actors (0.062 secs)
[2015.06.01-16.27.29:057][ 40]LogEditorViewport: Clicking on Actor (LMB): DirectionalLight (DirectionalLightStationary)
[2015.06.01-16.27.30:448][ 60]Cmd: DELETE
[2015.06.01-16.27.30:448][ 60]Cmd: ACTOR DELETE
[2015.06.01-16.27.34:505][ 60]LogEditorActor: Deleted 0 Actors (4.057 secs)
[2015.06.01-16.27.36:485][ 88]LogEditorViewport: Clicking on Actor (LMB): AtmosphericFog (AtmosphericFog)
[2015.06.01-16.27.55:283][351]LogPlayLevel: PIE:  No blueprints needed recompiling
[2015.06.01-16.27.55:284][351]PIE: New page: PIE session: FirstPersonExampleMap (Jun 1, 2015, 8:27:55 AM)
[2015.06.01-16.27.55:501][351]LogPlayLevel: PIE: StaticDuplicateObject took: (0.215690s)
[2015.06.01-16.27.55:502][351]LogPlayLevel: PIE: World Init took: (0.001373s)
[2015.06.01-16.27.55:502][351]LogPlayLevel: PIE: Created PIE world by copying editor world from /Game/FirstPersonBP/Maps/FirstPersonExampleMap.FirstPersonExampleMap to /Game/FirstPersonBP/Maps/UEDPIE_0_FirstPersonExampleMap.FirstPersonExampleMap (0.217488s)
[2015.06.01-16.27.55:544][351]LogWorld: Game class is 'FirstPersonGameMode_C'
[2015.06.01-16.27.55:546][351]LogAIModule: Creating AISystem for world FirstPersonExampleMap
[2015.06.01-16.27.55:979][351]LogWorld: Bringing World /Game/FirstPersonBP/Maps/UEDPIE_0_FirstPersonExampleMap.FirstPersonExampleMap up for play (max tick rate 0) at 2015.06.01-12.27.55
[2015.06.01-16.27.55:983][351]LogWorld: Bringing up level for play took: 0.434893
[2015.06.01-16.27.55:985][351]PIE: Info Play in editor start time for /Game/FirstPersonBP/Maps/UEDPIE_0_FirstPersonExampleMap 1.51
[2015.06.01-16.28.19:770][874]LogParticles: Destroying 0 GPU particle simulations for FXSystem 0x00000076D2831DA0
[2015.06.01-16.28.21:613][906]LogEditorViewport: Clicking on Actor (LMB): Landscape (Landscape)
[2015.06.01-16.28.58:120][537]LogEditorViewport: Clicking on Actor (double click): Landscape (Landscape)
[2015.06.01-16.29.33:718][918]LogTexture:Display: Building textures: T_Ground_Grass_D (AutoDXT)
[2015.06.01-16.29.45:856][918]LogTexture:Display: Building textures: T_Ground_Grass_N (BC5)
[2015.06.01-16.29.47:180][918]LogMaterial: Missing cached shader map for material M_Ground_Grass, compiling. 
[2015.06.01-16.29.48:444][918]LogMaterial: 0.038641 seconds spent updating 1 materials, 1 interfaces, 0 instances, 0 with static permutations.
[2015.06.01-16.29.50:101][919]Cmd: UpdateLandscapeEditorData
[2015.06.01-16.29.50:119][919]Cmd: UpdateLandscapeMIC
[2015.06.01-16.30.23:189][919]LogSavePackage: Save=31543.914063ms
[2015.06.01-16.30.23:189][919]LogSavePackage: Moving '../../../../../../Users/Nirav/Documents/GitHub/Fight-or-Flight/FightorFlight/Saved/FirstPersonExampleMap_Auto1C6F2960C42A4A6210CEAFE96E2814F37.tmp' to '../../../../../../Users/Nirav/Documents/GitHub/Fight-or-Flight/FightorFlight/Saved/Autosaves/Game/FirstPersonBP/Maps/FirstPersonExampleMap_Auto1.umap'
[2015.06.01-16.30.23:229][919]LogFileHelpers: Editor autosave (incl. sublevels) for '/Game/FirstPersonBP/Maps/FirstPersonExampleMap' took 31.934
[2015.06.01-16.30.23:229][919]LogFileHelpers: Editor autosave (incl. sublevels) for all levels took 31.934
[2015.06.01-16.30.23:269][919]OBJ SavePackage: Generating thumbnails for [1] asset(s) in package [/Game/StarterContent/Audio/teen-wolf-teen-wolf-33481044-2560-1440_Mat] ([1] browsable assets)...
[2015.06.01-16.30.23:330][919]OBJ SavePackage:     Rendered thumbnail for [Material /Game/StarterContent/Audio/teen-wolf-teen-wolf-33481044-2560-1440_Mat.teen-wolf-teen-wolf-33481044-2560-1440_Mat]
[2015.06.01-16.30.23:330][919]OBJ SavePackage: Finished generating thumbnails for package [/Game/StarterContent/Audio/teen-wolf-teen-wolf-33481044-2560-1440_Mat]
[2015.06.01-16.30.23:637][919]LogSavePackage: Save=299.877075ms
[2015.06.01-16.30.23:638][919]LogSavePackage: Moving '../../../../../../Users/Nirav/Documents/GitHub/Fight-or-Flight/FightorFlight/Saved/teen-wolf-teen-wolf-33481044-2560-1440_Mat_Auto1D6E0D199476296A2D675D185CA033C0D.tmp' to '../../../../../../Users/Nirav/Documents/GitHub/Fight-or-Flight/FightorFlight/Saved/Autosaves/Game/StarterContent/Audio/teen-wolf-teen-wolf-33481044-2560-1440_Mat_Auto1.uasset'
[2015.06.01-16.30.23:647][919]LogFileHelpers: Auto-saving content packages took 0.419
[2015.06.01-16.30.26:290][953]LogPlayLevel: PIE:  No blueprints needed recompiling
[2015.06.01-16.30.26:290][953]PIE: New page: PIE session: FirstPersonExampleMap (Jun 1, 2015, 8:30:26 AM)
[2015.06.01-16.30.26:505][953]LogPlayLevel: PIE: StaticDuplicateObject took: (0.171676s)
[2015.06.01-16.30.26:506][953]LogPlayLevel: PIE: World Init took: (0.001134s)
[2015.06.01-16.30.26:506][953]LogPlayLevel: PIE: Created PIE world by copying editor world from /Game/FirstPersonBP/Maps/FirstPersonExampleMap.FirstPersonExampleMap to /Game/FirstPersonBP/Maps/UEDPIE_0_FirstPersonExampleMap.FirstPersonExampleMap (0.173101s)
[2015.06.01-16.30.26:552][953]LogWorld: Game class is 'FirstPersonGameMode_C'
[2015.06.01-16.30.26:554][953]LogAIModule: Creating AISystem for world FirstPersonExampleMap
[2015.06.01-16.30.26:967][953]LogWorld: Bringing World /Game/FirstPersonBP/Maps/UEDPIE_0_FirstPersonExampleMap.FirstPersonExampleMap up for play (max tick rate 60) at 2015.06.01-12.30.26
[2015.06.01-16.30.26:971][953]LogWorld: Bringing up level for play took: 0.416535
[2015.06.01-16.30.26:973][953]PIE: Info Play in editor start time for /Game/FirstPersonBP/Maps/UEDPIE_0_FirstPersonExampleMap 0.499
[2015.06.01-16.33.50:366][371]LogParticles: Destroying 0 GPU particle simulations for FXSystem 0x00000076D27F2DE0
[2015.06.01-16.34.33:218][ 92]LogEditorViewport: Clicking on Actor (context menu): BP_Sky_Sphere_C (SkySphereBlueprint)
[2015.06.01-16.35.00:417][453]Cmd: STAT FPS
[2015.06.01-16.35.18:982][652]LogEditorViewport: Clicking on Actor (double click): Landscape (Landscape)
[2015.06.01-16.35.48:501][212]LogPlayLevel: PIE:  No blueprints needed recompiling
[2015.06.01-16.35.48:502][212]PIE: New page: PIE session: FirstPersonExampleMap (Jun 1, 2015, 8:35:48 AM)
[2015.06.01-16.35.48:712][212]LogPlayLevel: PIE: StaticDuplicateObject took: (0.202450s)
[2015.06.01-16.35.48:714][212]LogPlayLevel: PIE: World Init took: (0.001973s)
[2015.06.01-16.35.48:715][212]LogPlayLevel: PIE: Created PIE world by copying editor world from /Game/FirstPersonBP/Maps/FirstPersonExampleMap.FirstPersonExampleMap to /Game/FirstPersonBP/Maps/UEDPIE_0_FirstPersonExampleMap.FirstPersonExampleMap (0.205199s)
[2015.06.01-16.35.48:768][212]LogWorld: Game class is 'FirstPersonGameMode_C'
[2015.06.01-16.35.48:770][212]LogAIModule: Creating AISystem for world FirstPersonExampleMap
[2015.06.01-16.35.49:211][212]LogWorld: Bringing World /Game/FirstPersonBP/Maps/UEDPIE_0_FirstPersonExampleMap.FirstPersonExampleMap up for play (max tick rate 60) at 2015.06.01-12.35.49
[2015.06.01-16.35.49:215][212]LogWorld: Bringing up level for play took: 0.445052
[2015.06.01-16.35.49:217][212]PIE: Info Play in editor start time for /Game/FirstPersonBP/Maps/UEDPIE_0_FirstPersonExampleMap 0.743
[2015.06.01-16.35.53:222][291]LogParticles: Destroying 0 GPU particle simulations for FXSystem 0x00000076DFCC02C0
[2015.06.01-16.36.24:908][755]Cmd: TRANSACTION UNDO
[2015.06.01-16.36.24:908][755]LogEditorTransaction: Undo Landscape Editing: Noise
[2015.06.01-16.36.25:061][755]LogTexture:Display: Building textures: Texture2D_13 (BGRA8)
[2015.06.01-16.36.25:079][755]LogTexture:Display: Building textures: Texture2D_12 (BGRA8)
[2015.06.01-16.36.25:097][755]LogTexture:Display: Building textures: Texture2D_9 (BGRA8)
[2015.06.01-16.36.25:117][755]LogTexture:Display: Building textures: Texture2D_8 (BGRA8)
[2015.06.01-16.36.28:631][806]Cmd: TRANSACTION UNDO
[2015.06.01-16.36.28:631][806]LogEditorTransaction: Undo Landscape Editing: Erosion
[2015.06.01-16.36.28:780][806]LogTexture:Display: Building textures: Texture2D_8 (BGRA8)
[2015.06.01-16.36.28:797][806]LogTexture:Display: Building textures: Texture2D_9 (BGRA8)
[2015.06.01-16.36.28:816][806]LogTexture:Display: Building textures: Texture2D_12 (BGRA8)
[2015.06.01-16.36.28:832][806]LogTexture:Display: Building textures: Texture2D_13 (BGRA8)
[2015.06.01-16.36.29:536][817]Cmd: TRANSACTION UNDO
[2015.06.01-16.36.29:536][817]LogEditorTransaction: Undo Landscape Editing: Erosion
[2015.06.01-16.36.29:682][817]LogTexture:Display: Building textures: Texture2D_8 (BGRA8)
[2015.06.01-16.36.29:699][817]LogTexture:Display: Building textures: Texture2D_9 (BGRA8)
[2015.06.01-16.36.29:719][817]LogTexture:Display: Building textures: Texture2D_12 (BGRA8)
[2015.06.01-16.36.29:736][817]LogTexture:Display: Building textures: Texture2D_13 (BGRA8)
[2015.06.01-16.36.30:086][824]Cmd: TRANSACTION UNDO
[2015.06.01-16.36.30:086][824]LogEditorTransaction: Undo Landscape Editing: Erosion
[2015.06.01-16.36.30:285][825]Cmd: TRANSACTION UNDO
[2015.06.01-16.36.30:285][825]LogEditorTransaction: Undo Clicking on Actors (double-click)
[2015.06.01-16.36.30:569][830]Cmd: TRANSACTION UNDO
[2015.06.01-16.36.30:569][830]LogEditorTransaction: Undo Clicking on Actors (context menu)
[2015.06.01-16.43.53:216][778]LogTexture:Display: Building textures: Texture2D_8 (BGRA8)
[2015.06.01-16.43.53:232][778]LogTexture:Display: Building textures: Texture2D_9 (BGRA8)
[2015.06.01-16.43.53:256][778]LogTexture:Display: Building textures: Texture2D_12 (BGRA8)
[2015.06.01-16.43.53:275][778]LogTexture:Display: Building textures: Texture2D_13 (BGRA8)
[2015.06.01-16.43.55:719][778]LogSavePackage: Save=2598.032959ms
[2015.06.01-16.43.55:719][778]LogSavePackage: Moving '../../../../../../Users/Nirav/Documents/GitHub/Fight-or-Flight/FightorFlight/Saved/FirstPersonExampleMap_Auto2245B618349A5B5EE7C705EBB03244ED8.tmp' to '../../../../../../Users/Nirav/Documents/GitHub/Fight-or-Flight/FightorFlight/Saved/Autosaves/Game/FirstPersonBP/Maps/FirstPersonExampleMap_Auto2.umap'
[2015.06.01-16.43.55:731][778]LogFileHelpers: Editor autosave (incl. sublevels) for '/Game/FirstPersonBP/Maps/FirstPersonExampleMap' took 2.718
[2015.06.01-16.43.55:731][778]LogFileHelpers: Editor autosave (incl. sublevels) for all levels took 2.718
[2015.06.01-16.49.00:697][608]LogEditorViewport: Clicking on Actor (LMB): Landscape (Landscape)
[2015.06.01-16.49.46:784][352]LogEditorViewport: Clicking on Actor (double click): Landscape (Landscape)
[2015.06.01-16.49.47:136][357]LogEditorViewport: Clicking on Actor (double click): Landscape (Landscape)
[2015.06.01-16.49.47:575][364]LogEditorViewport: Clicking on Actor (double click): Landscape (Landscape)
[2015.06.01-16.51.14:220][796]LogSynthBenchmark:Display: FSynthBenchmark (V0.95):  requested WorkScale=1.00
[2015.06.01-16.51.14:220][796]LogSynthBenchmark:Display: ===============
[2015.06.01-16.51.14:220][796]LogSynthBenchmark:Display: Main Processor:
[2015.06.01-16.51.14:301][796]LogSynthBenchmark:Display:          ... 0.036900 s/Run 'RayIntersect'
[2015.06.01-16.51.14:301][796]LogSynthBenchmark:Display:          ... 0.044290 s/Run 'Fractal'
[2015.06.01-16.51.14:301][796]LogSynthBenchmark:Display: 
[2015.06.01-16.51.14:301][796]LogSynthBenchmark:Display:   CompiledTarget_x_Bits: 64
[2015.06.01-16.51.14:301][796]LogSynthBenchmark:Display:   UE_BUILD_SHIPPING: 0
[2015.06.01-16.51.14:301][796]LogSynthBenchmark:Display:   UE_BUILD_TEST: 0
[2015.06.01-16.51.14:301][796]LogSynthBenchmark:Display:   UE_BUILD_DEBUG: 0
[2015.06.01-16.51.14:301][796]LogSynthBenchmark:Display:   TotalPhysicalGBRam: 6
[2015.06.01-16.51.14:301][796]LogSynthBenchmark:Display:   NumberOfCores (physical): 2
[2015.06.01-16.51.14:301][796]LogSynthBenchmark:Display:   NumberOfCores (logical): 4
[2015.06.01-16.51.14:301][796]LogSynthBenchmark:Display:   CPU Perf Index 0: 69.4
[2015.06.01-16.51.14:301][796]LogSynthBenchmark:Display:   CPU Perf Index 1: 64.6
[2015.06.01-16.51.14:301][796]LogSynthBenchmark:Display:  
[2015.06.01-16.51.14:301][796]LogSynthBenchmark:Display: Graphics:
[2015.06.01-16.51.14:301][796]LogSynthBenchmark:Display:   Adapter Name: 'Intel(R) HD Graphics 4000'
[2015.06.01-16.51.14:301][796]LogSynthBenchmark:Display:   (On Optimus the name might be wrong, memory should be ok)
[2015.06.01-16.51.14:301][796]LogSynthBenchmark:Display:   Vendor Id: 0x8086
[2015.06.01-16.51.14:301][796]LogSynthBenchmark:Display:   GPU Memory: 32/0/1760 MB
[2015.06.01-16.51.14:397][796]LogSynthBenchmark:Display:   GPU first test: 0.02s
[2015.06.01-16.51.14:397][796]LogSynthBenchmark:Display:          ... 0.335 GigaPix/s, Confidence=100% 'ALUHeavyNoise' (likely to be very inaccurate)
[2015.06.01-16.51.14:398][796]LogSynthBenchmark:Display:          ... 0.407 GigaPix/s, Confidence=100% 'TexHeavy' (likely to be very inaccurate)
[2015.06.01-16.51.14:398][796]LogSynthBenchmark:Display:          ... 0.372 GigaPix/s, Confidence=89% 'DepTexHeavy' (likely to be very inaccurate)
[2015.06.01-16.51.14:398][796]LogSynthBenchmark:Display:          ... 1.661 GigaPix/s, Confidence=100% 'FillOnly' (likely to be very inaccurate)
[2015.06.01-16.51.14:398][796]LogSynthBenchmark:Display:          ... 0.113 GigaPix/s, Confidence=100% 'Bandwidth' (likely to be very inaccurate)
[2015.06.01-16.51.14:518][796]LogSynthBenchmark:Display:   GPU second test: 0.12s
[2015.06.01-16.51.14:518][796]LogSynthBenchmark:Display:          ... 0.398 GigaPix/s, Confidence=100% 'ALUHeavyNoise' (likely to be inaccurate)
[2015.06.01-16.51.14:518][796]LogSynthBenchmark:Display:          ... 0.488 GigaPix/s, Confidence=100% 'TexHeavy' (likely to be inaccurate)
[2015.06.01-16.51.14:518][796]LogSynthBenchmark:Display:          ... 0.416 GigaPix/s, Confidence=100% 'DepTexHeavy' (likely to be inaccurate)
[2015.06.01-16.51.14:518][796]LogSynthBenchmark:Display:          ... 2.908 GigaPix/s, Confidence=100% 'FillOnly' (likely to be inaccurate)
[2015.06.01-16.51.14:518][796]LogSynthBenchmark:Display:          ... 0.123 GigaPix/s, Confidence=89% 'Bandwidth' (likely to be inaccurate)
[2015.06.01-16.51.14:518][796]LogSynthBenchmark:Display:          ... 0.398 GigaPix/s, Confidence=100% 'ALUHeavyNoise'
[2015.06.01-16.51.14:518][796]LogSynthBenchmark:Display:          ... 0.488 GigaPix/s, Confidence=100% 'TexHeavy'
[2015.06.01-16.51.14:518][796]LogSynthBenchmark:Display:          ... 0.416 GigaPix/s, Confidence=100% 'DepTexHeavy'
[2015.06.01-16.51.14:518][796]LogSynthBenchmark:Display:          ... 2.908 GigaPix/s, Confidence=100% 'FillOnly'
[2015.06.01-16.51.14:518][796]LogSynthBenchmark:Display:          ... 0.123 GigaPix/s, Confidence=89% 'Bandwidth'
[2015.06.01-16.51.14:518][796]LogSynthBenchmark:Display: 
[2015.06.01-16.51.14:518][796]LogSynthBenchmark:Display:   GPU Perf Index 0: 8.7
[2015.06.01-16.51.14:518][796]LogSynthBenchmark:Display:   GPU Perf Index 1: 6.6
[2015.06.01-16.51.14:518][796]LogSynthBenchmark:Display:   GPU Perf Index 2: 10.8
[2015.06.01-16.51.14:518][796]LogSynthBenchmark:Display:   GPU Perf Index 3: 11.4
[2015.06.01-16.51.14:518][796]LogSynthBenchmark:Display:   GPU Perf Index 4: 11.5
[2015.06.01-16.51.14:518][796]LogSynthBenchmark:Display:   CPUIndex: 69.4
[2015.06.01-16.51.14:518][796]LogSynthBenchmark:Display:   GPUIndex: 8.7
[2015.06.01-16.51.14:518][796]LogSynthBenchmark:Display: 
[2015.06.01-16.51.14:518][796]LogSynthBenchmark:Display:          ... Total Time: 0.299029 sec
[2015.06.01-16.51.14:520][796]LogConsoleManager:Warning: Console variable 'r.Streaming.PoolSize' wasn't set (Priority Code < Scalability)
[2015.06.01-16.51.14:520][796]LogConsoleManager:Warning: Console variable 'r.MaterialQualityLevel' wasn't set (Priority Console < Scalability)
[2015.06.01-16.51.14:525][796]LogConsoleManager:Warning: Console variable 'r.Streaming.PoolSize' wasn't set (Priority Code < Scalability)
[2015.06.01-16.51.14:525][796]LogConsoleManager:Warning: Console variable 'r.MaterialQualityLevel' wasn't set (Priority Console < Scalability)
[2015.06.01-16.51.14:819][797]LogRenderer:Warning: Reallocating scene render targets to support 728x376 (Frame:24978).
[2015.06.01-16.52.16:996][784]LogEditorViewport: Clicking on Actor (double click): Landscape (Landscape)
[2015.06.01-16.52.17:366][811]LogEditorViewport: Clicking on Actor (double click): Landscape (Landscape)
[2015.06.01-16.52.18:521][907]LogEditorViewport: Clicking on Actor (double click): Landscape (Landscape)
[2015.06.01-16.52.18:834][929]LogEditorViewport: Clicking on Actor (double click): Landscape (Landscape)
[2015.06.01-16.52.19:105][947]LogEditorViewport: Clicking on Actor (double click): Landscape (Landscape)
[2015.06.01-16.52.28:642][765]Cmd: TRANSACTI