[2015.08.30-07.46.56:762][  0]Log file open, 08/30/15 03:46:56
[2015.08.30-07.46.56:762][  0]LogInit:Display: Running engine for game: FightorFlight
[2015.08.30-07.46.56:762][  0]LogInit:Display: RandInit(1126970618) SRandInit(1126970632).
[2015.08.30-07.46.56:762][  0]LogTaskGraph: Started task graph with 4 named threads and 7 total threads.
[2015.08.30-07.46.56:762][  0]LogStats: Stats thread started
[2015.08.30-07.46.56:762][  0]LogInit: Version: 4.8.3-2634408+++depot+UE4-Releases+4.8
[2015.08.30-07.46.56:762][  0]LogInit: API Version: 2579680
[2015.08.30-07.46.56:762][  0]LogInit: Compiled (64-bit): Jul 27 2015 16:24:33
[2015.08.30-07.46.56:762][  0]LogInit: Compiled with Visual C++: 18.00.21005.01
[2015.08.30-07.46.56:762][  0]LogInit: Build Configuration: Development
[2015.08.30-07.46.56:762][  0]LogInit: Branch Name: ++depot+UE4-Releases+4.8
[2015.08.30-07.46.56:762][  0]LogInit: Command line:  
[2015.08.30-07.46.56:762][  0]LogInit: Base directory: C:/Program Files/Epic Games/4.8/Engine/Binaries/Win64/
[2015.08.30-07.46.56:762][  0]LogInit: Rocket: 1
[2015.08.30-07.46.56:789][  0]LogInit: Using libcurl 7.41.0
[2015.08.30-07.46.56:789][  0]LogInit:  - built for x86_64-pc-win32
[2015.08.30-07.46.56:789][  0]LogInit:  - supports SSL with WinSSL
[2015.08.30-07.46.56:789][  0]LogInit:  - other features:
[2015.08.30-07.46.56:789][  0]LogInit:      CURL_VERSION_SSL
[2015.08.30-07.46.56:789][  0]LogInit:      CURL_VERSION_IPV6
[2015.08.30-07.46.56:789][  0]LogInit:      CURL_VERSION_ASYNCHDNS
[2015.08.30-07.46.56:789][  0]LogInit:      CURL_VERSION_LARGEFILE
[2015.08.30-07.46.56:789][  0]LogInit:      CURL_VERSION_IDN
[2015.08.30-07.46.56:789][  0]LogInit:  CurlRequestOptions (configurable via config and command line):
[2015.08.30-07.46.56:789][  0]LogInit:  - bVerifyPeer = true  - Libcurl will verify peer certificate
[2015.08.30-07.46.56:789][  0]LogInit:  - bUseHttpProxy = false  - Libcurl will NOT use HTTP proxy
[2015.08.30-07.46.56:789][  0]LogInit:  - bDontReuseConnections = false  - Libcurl will reuse connections
[2015.08.30-07.46.56:789][  0]LogInit:  - CertBundlePath = nullptr  - Libcurl will use whatever was configured at build time.
[2015.08.30-07.46.56:804][  0]LogOnline:Warning: No default platform service specified for OnlineSubsystem
[2015.08.30-07.46.56:867][  0]LogInit: Presizing for 0 objects not considered by GC, pre-allocating 0 bytes.
[2015.08.30-07.46.56:882][  0]LogInit: Object subsystem initialized
[2015.08.30-07.46.56:898][  0]LogConsoleResponse:Warning: Skipping Unknown console variable: 'TranslucentSortAxis = (X=0.000000,Y=-1.000000,Z=0.000000)'
[2015.08.30-07.46.56:898][  0]LogConsoleResponse:Warning:   Found in ini file 'C:/Users/Nikhil/Documents/GitHub/Fight-or-Flight/FightorFlight/Saved/Config/Windows/Engine.ini', in section '[/Script/Engine.RendererSettings]'
[2015.08.30-07.46.56:898][  0]LogConsoleResponse:Warning: Skipping Unknown console variable: 'UIScaleRule = ShortestSide'
[2015.08.30-07.46.56:898][  0]LogConsoleResponse:Warning:   Found in ini file 'C:/Users/Nikhil/Documents/GitHub/Fight-or-Flight/FightorFlight/Saved/Config/Windows/Engine.ini', in section '[/Script/Engine.RendererSettings]'
[2015.08.30-07.46.56:898][  0]LogConsoleResponse:Warning: Skipping Unknown console variable: 'UIScaleCurve = (EditorCurveData=(Keys=),ExternalCurve=None)'
[2015.08.30-07.46.56:898][  0]LogConsoleResponse:Warning:   Found in ini file 'C:/Users/Nikhil/Documents/GitHub/Fight-or-Flight/FightorFlight/Saved/Config/Windows/Engine.ini', in section '[/Script/Engine.RendererSettings]'
[2015.08.30-07.46.56:898][  0]LogInit: Selected Device Profile: [Windows]
[2015.08.30-07.46.56:898][  0]LogInit: Applying CVar settings loaded from the selected device profile: [Windows]
[2015.08.30-07.46.56:929][  0]LogInit: Computer: NIKHIL-PC
[2015.08.30-07.46.56:929][  0]LogInit: User: Nikhil
[2015.08.30-07.46.56:929][  0]LogInit: CPU Page size=4096, Cores=4
[2015.08.30-07.46.56:929][  0]LogInit: High frequency timer resolution =14.318180 MHz
[2015.08.30-07.46.56:929][  0]LogMemory: Memory total: Physical=7.9GB (8GB approx)
[2015.08.30-07.46.56:929][  0]LogMemory: Platform Memory Stats for Windows
[2015.08.30-07.46.56:929][  0]LogMemory: Process Physical Memory: 49.54 MB used, 49.54 MB peak
[2015.08.30-07.46.56:929][  0]LogMemory: Process Virtual Memory: 22.49 MB used, 22.49 MB peak
[2015.08.30-07.46.56:929][  0]LogMemory: Physical Memory: 2534.90 MB used, 8092.34 MB total
[2015.08.30-07.46.56:929][  0]LogMemory: Virtual Memory: 309.86 MB used, 134217728.00 MB total
[2015.08.30-07.46.57:253][  0]LogTextLocalizationManager: The requested culture ('en_US') has no localization data; parent culture's ('en') localization data will be used.
[2015.08.30-07.46.57:530][  0]LogTextLocalizationManager:Warning: Loaded localization resources contain conflicting entries for (Namespace:ContentBrowser, Key:ImportAssetToolTip):
Localization Resource: (C:/Program Files/Epic Games/4.8/Engine/Content/Localization/Editor/en/Editor.locres) Source String Hash: (-630476809) Localized String: (Import to {0}...)
Localization Resource: (C:/Program Files/Epic Games/4.8/Engine/Content/Localization/Editor/en/Editor.locres) Source String Hash: (1271782899) Localized String: (Imports an asset from file to this folder.)
[2015.08.30-07.46.58:085][  0]LogD3D11RHI: Found D3D11 adapter 0: NVIDIA GeForce GTX 970 (Feature Level 11_0)
[2015.08.30-07.46.58:085][  0]LogD3D11RHI: Adapter has 4008MB of dedicated video memory, 0MB of dedicated system memory, and 4046MB of shared system memory, 1 output[s]
[2015.08.30-07.46.58:091][  0]LogD3D11RHI: Found D3D11 adapter 1: Microsoft Basic Render Driver (Feature Level 11_0)
[2015.08.30-07.46.58:091][  0]LogD3D11RHI: Adapter has 0MB of dedicated video memory, 0MB of dedicated system memory, and 4046MB of shared system memory, 0 output[s]
[2015.08.30-07.46.58:091][  0]LogD3D11RHI: Chosen D3D11 Adapter Id = 0
[2015.08.30-07.46.58:097][  0]LogD3D11RHI: InitD3DDevice
[2015.08.30-07.46.58:097][  0]LogD3D11RHI: !Direct3DDevice
[2015.08.30-07.46.58:097][  0]LogRHI: Texture pool is 1361 MB (70% of 1945 MB)
[2015.08.30-07.46.58:115][  0]LogD3D11RHI: Async texture creation enabled
[2015.08.30-07.46.58:149][  0]LogShaderCompilers:Display: Using Local Shader Compiler.
[2015.08.30-07.46.59:966][  0]LogTemp:Display: Loaded TP DesktopTargetPlatform
[2015.08.30-07.46.59:987][  0]LogTemp:Display: Loaded TP WindowsClientTargetPlatform
[2015.08.30-07.47.00:008][  0]LogTemp:Display: Loaded TP WindowsNoEditorTargetPlatform
[2015.08.30-07.47.00:029][  0]LogTemp:Display: Loaded TP WindowsServerTargetPlatform
[2015.08.30-07.47.00:054][  0]LogTemp:Display: Loaded TP WindowsTargetPlatform
[2015.08.30-07.47.00:075][  0]LogTemp:Display: Loaded TP AndroidTargetPlatform
[2015.08.30-07.47.00:093][  0]LogTemp:Display: Loaded TP Android_ASTCTargetPlatform
[2015.08.30-07.47.00:112][  0]LogTemp:Display: Loaded TP Android_ATCTargetPlatform
[2015.08.30-07.47.00:131][  0]LogTemp:Display: Loaded TP Android_DXTTargetPlatform
[2015.08.30-07.47.00:150][  0]LogTemp:Display: Loaded TP Android_ETC1TargetPlatform
[2015.08.30-07.47.00:169][  0]LogTemp:Display: Loaded TP Android_ETC2TargetPlatform
[2015.08.30-07.47.00:189][  0]LogTemp:Display: Loaded TP Android_PVRTCTargetPlatform
[2015.08.30-07.47.00:289][  0]LogTemp:Display: Loaded TP IOSTargetPlatform
[2015.08.30-07.47.00:308][  0]LogTemp:Display: Loaded TP LinuxNoEditorTargetPlatform
[2015.08.30-07.47.00:327][  0]LogTemp:Display: Loaded TP LinuxServerTargetPlatform
[2015.08.30-07.47.00:351][  0]LogTemp:Display: Loaded TP LinuxTargetPlatform
[2015.08.30-07.47.00:351][  0]LogTargetPlatformManager:Display: Building Assets For Windows
[2015.08.30-07.47.00:922][  0]LogDerivedDataCache:Display: Max Cache Size: 512 MB
[2015.08.30-07.47.00:960][  0]LogDerivedDataCache: Loaded boot cache 0.04s 10MB C:/Users/Nikhil/AppData/Local/UnrealEngine/4.8/DerivedDataCache/Boot.ddc.
[2015.08.30-07.47.00:960][  0]LogDerivedDataCache:Display: Loaded Boot cache: C:/Users/Nikhil/AppData/Local/UnrealEngine/4.8/DerivedDataCache/Boot.ddc
[2015.08.30-07.47.00:960][  0]LogDerivedDataCache: FDerivedDataBackendGraph:  Pak pak cache file ../../../../../../Users/Nikhil/Documents/GitHub/Fight-or-Flight/FightorFlight/DerivedDataCache/DDC.ddp not found, will not use a pak cache.
[2015.08.30-07.47.00:960][  0]LogDerivedDataCache: Unable to find inner node Pak for hierarchical cache Hierarchy.
[2015.08.30-07.47.00:960][  0]LogDerivedDataCache: FDerivedDataBackendGraph:  CompressedPak pak cache file ../../../../../../Users/Nikhil/Documents/GitHub/Fight-or-Flight/FightorFlight/DerivedDataCache/Compressed.ddp not found, will not use a pak cache.
[2015.08.30-07.47.00:960][  0]LogDerivedDataCache: Unable to find inner node CompressedPak for hierarchical cache Hierarchy.
[2015.08.30-07.47.01:138][  0]LogDerivedDataCache:Display: Pak cache opened for reading ../../../Engine/DerivedDataCache/Compressed.ddp.
[2015.08.30-07.47.01:150][  0]LogDerivedDataCache: Using Local data cache path C:/Users/Nikhil/AppData/Local/UnrealEngine/Common/DerivedDataCache: Writable
[2015.08.30-07.47.04:819][  0]LogInit: Selected Device Profile: [Windows]
[2015.08.30-07.47.05:000][  0]ImportText (ComponentSweepMultiTests): Missing closing parenthesis: (RootShapeAsset="/Engine/BasicShapes/Cube.Cube",ShapeType="TriggerCapsule",HitResult=(Time=0.50,Location=(X=-100.000015,Y=0.0,Z=100.000015),ImpactPoint=(X=-50.0,Y=0.0,Z=50.0),Normal=(X=-1.0,Y=-0.0,Z=0.0),ImpactNormal=(X=0.0,Y=0.0,Z=1.0),TraceStart=(X=-200.0,Y=0.0,Z=200.0),TraceEnd=(X=0.0,Y=0.0,Z=0.0))
[2015.08.30-07.47.05:001][  0]ImportText (LineTraceSingleByChannelTests): Missing closing parenthesis: (RootShapeAsset="/Engine/BasicShapes/Cube.Cube",HitResult=(Time=0.50,Location=(X=-100.000015,Y=0.0,Z=100.000015),ImpactPoint=(X=-50.0,Y=0.0,Z=50.0),Normal=(X=-1.0,Y=-0.0,Z=0.0),ImpactNormal=(X=0.0,Y=0.0,Z=1.0),TraceStart=(X=-200.0,Y=0.0,Z=200.0),TraceEnd=(X=0.0,Y=0.0,Z=0.0))
[2015.08.30-07.47.05:061][  0]LogMeshUtilities: No automatic mesh reduction module available
[2015.08.30-07.47.05:061][  0]LogMeshUtilities: No automatic mesh merging module available
[2015.08.30-07.47.06:021][  0]LogInit: WinSock: version 1.1 (2.2), MaxSocks=32767, MaxUdp=65467
[2015.08.30-07.47.09:051][  0]UdpMessaging: Initializing bridge on interface 0.0.0.0:0 to multicast group 230.0.0.1:6666.
[2015.08.30-07.47.09:726][  0]SourceControl: Info Source control is disabled
[2015.08.30-07.47.09:736][  0]SourceControl: Info Source control is disabled
[2015.08.30-07.47.09:753][  0]SourceControl: Info Source control is disabled
[2015.08.30-07.47.09:769][  0]SourceControl: Info Source control is disabled
[2015.08.30-07.47.10:219][  0]LogObj: 26273 objects as part of root set at end of initial load.
[2015.08.30-07.47.10:219][  0]LogUObjectAllocator: 5409248 out of 0 bytes used by permanent object pool.
[2015.08.30-07.47.10:359][  0]LogEngine: Initializing Engine...
[2015.08.30-07.47.10:363][  0]LogHMD: Can't find Oculus library dev build: is proper Runtime installed? Version: 0.6.0.0
[2015.08.30-07.47.10:561][  0]LogHMD:Warning: SteamVR failed to initialize.  Error: 108
[2015.08.30-07.47.10:946][  0]LogAIModule: Creating AISystem for world NewWorld
[2015.08.30-07.47.10:976][  0]LogInit: XAudio2 using 'Speakers (Realtek High Definition Audio)' : 2 channels at 48 kHz using 32 bits per sample (channel mask 0x3)
[2015.08.30-07.47.11:010][  0]LogInit: FAudioDevice initialized.
[2015.08.30-07.47.11:047][  0]LogDerivedDataCache: Saved boot cache 0.04s 56MB C:/Users/Nikhil/AppData/Local/UnrealEngine/4.8/DerivedDataCache/Boot.ddc.
[2015.08.30-07.47.11:060][  0]LogInit: Texture streaming: Disabled
[2015.08.30-07.47.11:093][  0]LogAnalytics: Creating configured Analytics provider AnalyticsET
[2015.08.30-07.47.11:094][  0]LogAnalytics: [UEEditor.Rocket.Release] APIServer = http://et2.epicgames.com/ET2/. AppVersion = 4.8.3-2634408+++depot+UE4-Releases+4.8
[2015.08.30-07.47.11:094][  0]LogAnalytics: [UEEditor.Rocket.Release] SetUserId dca319a646b53053cba82a85ad4b1c00|31aa04babf8246e39b7b48527d72295e|baa11467-4361-488c-9298-369b884872aa
[2015.08.30-07.47.11:094][  0]LogAnalytics: [UEEditor.Rocket.Release] AnalyticsET::StartSession
[2015.08.30-07.47.11:154][  0]LogInit: Transaction tracking system initialized
[2015.08.30-07.47.11:352][  0]BlueprintLog: New page: Editor Load
[2015.08.30-07.47.11:402][  0]LogAssetRegistry: FAssetRegistry took 0.0125 seconds to start up
[2015.08.30-07.47.11:403][  0]LogDirectoryWatcher:Warning: Failed to begin reading directory changes for ../../../Engine/Plugins/Experimental/CharacterAI/Content/. Error: 0
[2015.08.30-07.47.12:390][  0]LogLinker:Warning: Asset '../../../Engine/Content/Tutorial/Mobile/SettingUpAndroidTutorial.uasset' has been saved with empty engine version. The asset will be loaded but may be incompatible.
[2015.08.30-07.47.12:521][  0]LogConsoleManager:Warning: Console variable 'r.VSync' wasn't set ('GameSetting' has a lower priority than 'SystemSettingsIni')
[2015.08.30-07.47.12:521][  0]LogConsoleResponse:Display: 
[2015.08.30-07.47.12:739][  0]LogCook:Display: Done creating registry. It took  0.00s.
[2015.08.30-07.47.13:100][  0]SourceControl: Info Source control is disabled
[2015.08.30-07.47.13:101][  0]Cmd: MAP LOAD FILE="../../../../../../Users/Nikhil/Documents/GitHub/Fight-or-Flight/FightorFlight/Content/FirstPersonBP/Maps/FirstPersonExampleMap.umap" TEMPLATE=0 SHOWPROGRESS=1 FEATURELEVEL=3
[2015.08.30-07.47.13:102][  0]LightingResults: New page: Lighting Build
[2015.08.30-07.47.13:125][  0]MapCheck: New page: Map Check
[2015.08.30-07.47.13:125][  0]LightingResults: New page: Lighting Build
[2015.08.30-07.47.13:141][  0]LogParticles: Destroying 0 GPU particle simulations for FXSystem 0x000000DD112A5300
[2015.08.30-07.47.14:511][  0]LogTexture:Display: Building textures: HQ_Lightmap0_8 (AutoDXT)
[2015.08.30-07.47.14:519][  0]LogTexture:Display: Building textures: LQ_Lightmap_0_8 (DXT1)
[2015.08.30-07.47.14:650][  0]LogAIModule: Creating AISystem for world FirstPersonExampleMap
[2015.08.30-07.47.15:453][  0]LogEditorServer: Finished looking for orphan Actors (0.000 secs)
[2015.08.30-07.47.15:461][  0]Cmd: MAP CHECKDEP NOCLEARLOG
[2015.08.30-07.47.15:521][  0]MapCheck: Info Map check complete: 0 Error(s), 0 Warning(s), took 58.527ms to complete.
[2015.08.30-07.47.15:521][  0]LogFileHelpers: Loading map 'FirstPersonExampleMap' took 2.420
[2015.08.30-07.47.15:730][  0]LogCollectionManager: Loaded 0 collections in 0.002848 seconds
[2015.08.30-07.47.15:742][  0]LogContentBrowser: Native class hierarchy populated in 0.0109 seconds. Added 1792 classes and 301 folders.
[2015.08.30-07.47.15:827][  0]LogContentBrowser: Native class hierarchy updated for 'WidgetCarousel' in 0.0004 seconds. Added 0 classes and 0 folders.
[2015.08.30-07.47.15:972][  0]LogContentBrowser: Native class hierarchy updated for 'AddContentDialog' in 0.0005 seconds. Added 0 classes and 0 folders.
[2015.08.30-07.47.16:002][  0]LogContentBrowser: Native class hierarchy updated for 'SceneOutliner' in 0.0005 seconds. Added 1 classes and 2 folders.
[2015.08.30-07.47.16:150][  0]LogCrashTracker: Crashtracker disabled due to settings.
[2015.08.30-07.47.16:156][  0]LogD3D11RHI: InitD3DDevice
[2015.08.30-07.47.16:160][  0]LogUObjectGlobals:Warning: Failed to find object 'Class None.'
[2015.08.30-07.47.16:184][  0]LogLoad: Full Startup: 22.60 seconds (BP compile: 0.64 seconds)
[2015.08.30-07.47.16:648][  0]LogContentStreaming: Texture pool size is 0.000000MB
[2015.08.30-07.47.16:704][  0]LogContentStreaming: Texture pool size now 1000 MB
[2015.08.30-07.47.16:958][  0]LogRenderer: Reallocating scene render targets to support 1024x560 (Frame:2).
[2015.08.30-07.47.17:135][  1]Cmd: UpdateLandscapeEditorData -warnings
[2015.08.30-07.47.17:138][  1]Cmd: UpdateLandscapeEditorData
[2015.08.30-07.47.19:484][  8]LogAssetRegistry: Asset discovery search completed in 8.0940 seconds
[2015.08.30-07.47.28:836][572]LogD3D11RHI: InitD3DDevice
[2015.08.30-07.48.26:158][179]LogD3D11RHI: InitD3DDevice
[2015.08.30-07.48.40:404][543]LogD3D11RHI: InitD3DDevice
[2015.08.30-07.48.42:507][732]LogD3D11RHI: InitD3DDevice
[2015.08.30-07.48.51:085][537]LogD3D11RHI: InitD3DDevice
[2015.08.30-07.49.32:417][665]LogD3D11RHI: InitD3DDevice
[2015.08.30-07.49.33:347][736]LogD3D11RHI: InitD3DDevice
[2015.08.30-07.49.34:888][849]LogD3D11RHI: InitD3DDevice
[2015.08.30-07.49.35:194][873]LogD3D11RHI: InitD3DDevice
[2015.08.30-07.49.35:209][873]LogD3D11RHI: InitD3DDevice
[2015.08.30-07.49.35:615][907]LogD3D11RHI: InitD3DDevice
[2015.08.30-07.49.35:894][930]LogD3D11RHI: InitD3DDevice
[2015.08.30-07.49.37:298][ 51]LogD3D11RHI: InitD3DDevice
[2015.08.30-07.49.54:744][421]LogD3D11RHI: InitD3DDevice
[2015.08.30-07.50.42:396][446]LogD3D11RHI: InitD3DDevice
[2015.08.30-07.50.43:196][527]LogD3D11RHI: InitD3DDevice
[2015.08.30-07.50.43:239][527]LogD3D11RHI: InitD3DDevice
[2015.08.30-07.50.43:331][527]LogLinker:Warning: Asset '../../../Engine/Content/ArtTools/RenderToTexture/Macros/RenderToTextureMacros.uasset' has been saved with empty engine version. The asset will be loaded but may be incompatible.
[2015.08.30-07.50.43:396][527]LogLinker:Warning: Asset '../../../Engine/Content/ArtTools/RenderToTexture/Enums/RenderToTexture_Enum.uasset' has been saved with empty engine version. The asset will be loaded but may be incompatible.
[2015.08.30-07.50.51:971][860]LogD3D11RHI: InitD3DDevice
[2015.08.30-07.51.10:532][225]LogD3D11RHI: InitD3DDevice
[2015.08.30-07.51.11:711][289]LogD3D11RHI: InitD3DDevice
[2015.08.30-07.51.48:155][389]LogD3D11RHI: InitD3DDevice
[2015.08.30-07.52.10:215][783]LogD3D11RHI: InitD3DDevice
[2015.08.30-07.52.31:869][249]LogD3D11RHI: InitD3DDevice
[2015.08.30-07.52.34:257][489]LogD3D11RHI: InitD3DDevice
[2015.08.30-07.52.44:781][564]LogD3D11RHI: InitD3DDevice
[2015.08.30-07.52.45:484][633]LogD3D11RHI: InitD3DDevice
[2015.08.30-07.52.45:504][633]LogD3D11RHI: InitD3DDevice
[2015.08.30-07.53.29:785][513]LogD3D11RHI: InitD3DDevice
[2015.08.30-07.53.42:294][501]LogD3D11RHI: InitD3DDevice
[2015.08.30-07.53.42:912][564]LogD3D11RHI: InitD3DDevice
[2015.08.30-07.53.42:940][564]LogD3D11RHI: InitD3DDevice
[2015.08.30-07.53.51:483][  7]LogD3D11RHI: InitD3DDevice
[2015.08.30-07.53.51:849][ 26]LogD3D11RHI: InitD3DDevice
[2015.08.30-07.53.57:547][372]LogD3D11RHI: InitD3DDevice
[2015.08.30-07.54.00:459][602]LogD3D11RHI: InitD3DDevice
[2015.08.30-07.54.00:540][602]LogParticles: Destroying 0 GPU particle simulations for FXSystem 0x000000DD1506CCC0
[2015.08.30-07.54.00:540][602]LogParticles: Destroying 0 GPU particle simulations for FXSystem 0x000000DD2F6071A0
[2015.08.30-07.54.00:889][602]LogSavePackage: Save=191.745667ms
[2015.08.30-07.54.00:890][602]LogSavePackage: Moving '../../../../../../Users/Nikhil/Documents/GitHub/Fight-or-Flight/FightorFlight/Saved/FirstPersonExampleMap59B3F0C34306875EF63E0FAC2F37B69E.tmp' to '../../../../../../Users/Nikhil/Documents/GitHub/Fight-or-Flight/FightorFlight/Content/FirstPersonBP/Maps/FirstPersonExampleMap.umap'
[2015.08.30-07.54.03:184][827]LogD3D11RHI: InitD3DDevice
[2015.08.30-07.54.03:793][888]LogD3D11RHI: InitD3DDevice
[2015.08.30-07.54.03:823][888]LogD3D11RHI: InitD3DDevice
[2015.08.30-07.54.05:076][936]BlueprintLog: New page: Compile FirstPersonCharacter
[2015.08.30-07.54.05:165][936]LogUObjectGlobals:Warning: Guid is in use by CapsuleComponent /Game/FirstPersonBP/Maps/FirstPersonExampleMap.FirstPersonExampleMap:PersistentLevel.FirstPersonCharacter_18.CollisionCylinder and CapsuleComponent /Game/FirstPersonBP/Maps/FirstPersonExampleMap.FirstPersonExampleMap:PersistentLevel.FirstPersonCharacter_C_0.CollisionCylinder, which should never happen in the editor but could happen at runtime with duplicate level loading or PIE
[2015.08.30-07.54.05:165][936]LogUObjectGlobals:Warning: Guid is in use by ArrowComponent /Game/FirstPersonBP/Maps/FirstPersonExampleMap.FirstPersonExampleMap:PersistentLevel.FirstPersonCharacter_18.Arrow and ArrowComponent /Game/FirstPersonBP/Maps/FirstPersonExampleMap.FirstPersonExampleMap:PersistentLevel.FirstPersonCharacter_C_0.Arrow, which should never happen in the editor but could happen at runtime with duplicate level loading or PIE
[2015.08.30-07.54.05:165][936]LogUObjectGlobals:Warning: Guid is in use by CharacterMovementComponent /Game/FirstPersonBP/Maps/FirstPersonExampleMap.FirstPersonExampleMap:PersistentLevel.FirstPersonCharacter_18.CharMoveComp and CharacterMovementComponent /Game/FirstPersonBP/Maps/FirstPersonExampleMap.FirstPersonExampleMap:PersistentLevel.FirstPersonCharacter_C_0.CharMoveComp, which should never happen in the editor but could happen at runtime with duplicate level loading or PIE
[2015.08.30-07.54.05:165][936]LogUObjectGlobals:Warning: Guid is in use by SkeletalMeshComponent /Game/FirstPersonBP/Maps/FirstPersonExampleMap.FirstPersonExampleMap:PersistentLevel.FirstPersonCharacter_18.CharacterMesh0 and SkeletalMeshComponent /Game/FirstPersonBP/Maps/FirstPersonExampleMap.FirstPersonExampleMap:PersistentLevel.FirstPersonCharacter_C_0.CharacterMesh0, which should never happen in the editor but could happen at runtime with duplicate level loading or PIE
[2015.08.30-07.54.05:298][936]LogParticles: Destroying 0 GPU particle simulations for FXSystem 0x000000DD2FABC720
[2015.08.30-07.54.05:362][936]BlueprintEditorCompileResults: Info [0431.78] Compile of FirstPersonCharacter successful! [in 285 ms]
[2015.08.30-07.54.05:372][936]LogSCSEditor:Warning: Calling UpdateTree() from Tick() more frequently than expected due to invalid tree node state. This might be a performance issue.
[2015.08.30-07.54.11:329][375]LogD3D11RHI: InitD3DDevice
[2015.08.30-07.54.12:010][446]LogD3D11RHI: InitD3DDevice
[2015.08.30-07.54.12:041][446]LogD3D11RHI: InitD3DDevice
[2015.08.30-07.54.18:641][799]LogD3D11RHI: InitD3DDevice
[2015.08.30-07.54.22:100][ 61]LogD3D11RHI: InitD3DDevice
[2015.08.30-07.54.31:598][ 52]LogD3D11RHI: InitD3DDevice
[2015.08.30-07.54.33:555][257]LogD3D11RHI: InitD3DDevice
[2015.08.30-07.54.37:640][680]LogD3D11RHI: InitD3DDevice
[2015.08.30-07.54.49:060][942]LogD3D11RHI: InitD3DDevice
[2015.08.30-07.54.50:655][107]LogD3D11RHI: InitD3DDevice
[2015.08.30-07.54.50:677][107]LogD3D11RHI: InitD3DDevice
[2015.08.30-07.55.04:063][919]LogD3D11RHI: InitD3DDevice
[2015.08.30-07.55.08:173][339]LogD3D11RHI: InitD3DDevice
[2015.08.30-07.55.10:196][544]LogD3D11RHI: InitD3DDevice
[2015.08.30-07.55.13:881][916]LogD3D11RHI: InitD3DDevice
[2015.08.30-07.55.14:426][971]LogD3D11RHI: InitD3DDevice
[2015.08.30-07.55.14:446][971]LogD3D11RHI: InitD3DDevice
[2015.08.30-07.55.18:013][144]LogD3D11RHI: InitD3DDevice
[2015.08.30-07.55.19:883][252]LogD3D11RHI: InitD3DDevice
[2015.08.30-07.55.20:783][311]LogD3D11RHI: InitD3DDevice
[2015.08.30-07.55.22:595][429]BlueprintLog: New page: Compile FirstPersonCharacter
[2015.08.30-07.55.22:786][429]LogParticles: Destroying 0 GPU particle simulations for FXSystem 0x000000DD3613DF80
[2015.08.30-07.55.22:786][429]LogParticles: Destroying 0 GPU particle simulations for FXSystem 0x000000DD0A266E80
[2015.08.30-07.55.22:787][429]LogParticles: Destroying 0 GPU particle simulations for FXSystem 0x000000DD4393ECA0
[2015.08.30-07.55.22:825][429]BlueprintEditorCompileResults: Info [0509.24] Compile of FirstPersonCharacter successful! [in 230 ms]
[2015.08.30-07.55.23:508][468]LogD3D11RHI: InitD3DDevice
[2015.08.30-07.55.25:718][615]LogD3D11RHI: InitD3DDevice
[2015.08.30-07.55.25:902][615]LogSavePackage: Save=117.334816ms
[2015.08.30-07.55.25:902][615]LogSavePackage: Moving '../../../../../../Users/Nikhil/Documents/GitHub/Fight-or-Flight/FightorFlight/Saved/FirstPersonCharacterC32456B74A97B4ECE87CBD83C670C85A.tmp' to '../../../../../../Users/Nikhil/Documents/GitHub/Fight-or-Flight/FightorFlight/Content/FirstPersonBP/Blueprints/FirstPersonCharacter.uasset'
[2015.08.30-07.55.26:262][637]LogD3D11RHI: InitD3DDevice
[2015.08.30-07.55.26:506][651]LogD3D11RHI: InitD3DDevice
[2015.08.30-07.55.27:165][694]LogD3D11RHI: InitD3DDevice
[2015.08.30-07.55.27:730][731]LogD3D11RHI: InitD3DDevice
[2015.08.30-07.55.28:262][765]LogD3D11RHI: InitD3DDevice
[2015.08.30-07.55.30:479][908]LogD3D11RHI: InitD3DDevice
[2015.08.30-07.55.33:189][ 84]LogD3D11RHI: InitD3DDevice
[2015.08.30-07.55.35:600][237]LogD3D11RHI: InitD3DDevice
[2015.08.30-07.55.36:843][316]LogActorComponent: UnregisterComponent: (/Engine/Transient.CharMoveComp) Not registered. Aborting.
[2015.08.30-07.55.36:870][316]BlueprintLog: New page: Compile FirstPersonCharacter
[2015.08.30-07.55.37:093][316]BlueprintEditorCompileResults: Info [0523.51] Compile of FirstPersonCharacter successful! [in 223 ms]
[2015.08.30-07.55.39:951][496]LogD3D11RHI: InitD3DDevice
[2015.08.30-07.55.43:852][755]LogD3D11RHI: InitD3DDevice
[2015.08.30-07.55.46:174][910]LogD3D11RHI: InitD3DDevice
[2015.08.30-07.55.53:587][432]LogD3D11RHI: InitD3DDevice
[2015.08.30-07.55.53:684][432]LogLinker:Warning: Asset '../../../Engine/Content/Tutorial/Basics/FeaturePacks.uasset' has been saved with empty engine version. The asset will be loaded but may be incompatible.
[2015.08.30-07.55.54:471][432]LogLinker:Warning: Asset '../../../Engine/Content/Tutorial/Mobile/InstallingiTunesTutorial.uasset' has been saved with empty engine version. The asset will be loaded but may be incompatible.
[2015.08.30-07.55.57:407][662]LogD3D11RHI: InitD3DDevice
[2015.08.30-07.56.08:873][916]LogD3D11RHI: InitD3DDevice
[2015.08.30-07.57.35:862][898]LogD3D11RHI: InitD3DDevice
[2015.08.30-07.58.05:308][240]LogD3D11RHI: InitD3DDevice
[2015.08.30-07.58.10:515][780]LogD3D11RHI: InitD3DDevice
[2015.08.30-07.58.11:652][902]LogD3D11RHI: InitD3DDevice
[2015.08.30-07.58.12:645][999]LogD3D11RHI: InitD3DDevice
[2015.08.30-07.58.12:671][999]LogD3D11RHI: InitD3DDevice
[2015.08.30-07.58.12:967][999]LogD3D11RHI: InitD3DDevice
[2015.08.30-07.58.31:406][830]LogD3D11RHI: InitD3DDevice
[2015.08.30-07.58.32:045][898]LogD3D11RHI: InitD3DDevice
[2015.08.30-07.58.32:105][902]LogD3D11RHI: InitD3DDevice
[2015.08.30-07.58.32:179][907]LogD3D11RHI: InitD3DDevice
[2015.08.30-07.58.32:221][909]LogD3D11RHI: InitD3DDevice
[2015.08.30-07.58.32:963][994]LogD3D11RHI: InitD3DDevice
[2015.08.30-07.58.33:147][  9]LogD3D11RHI: InitD3DDevice
[2015.08.30-07.58.33:345][ 29]LogD3D11RHI: InitD3DDevice
[2015.08.30-07.58.35:522][286]LogD3D11RHI: InitD3DDevice
[2015.08.30-07.58.36:513][391]LogD3D11RHI: InitD3DDevice
[2015.08.30-07.58.36:632][402]LogD3D11RHI: InitD3DDevice
[2015.08.30-07.58.36:654][403]LogD3D11RHI: InitD3DDevice
[2015.08.30-07.58.36:704][405]LogD3D11RHI: InitD3DDevice
[2015.08.30-07.58.36:768][410]LogD3D11RHI: InitD3DDevice
[2015.08.30-07.58.38:816][645]LogD3D11RHI: InitD3DDevice
[2015.08.30-07.58.41:603][953]LogD3D11RHI: InitD3DDevice
[2015.08.30-07.58.43:684][183]LogD3D11RHI: InitD3DDevice
[2015.08.30-07.58.44:758][304]LogD3D11RHI: InitD3DDevice
[2015.08.30-07.58.51:721][111]LogD3D11RHI: InitD3DDevice
[2015.08.30-07.58.53:878][348]LogD3D11RHI: InitD3DDevice
[2015.08.30-07.58.53:938][352]LogD3D11RHI: InitD3DDevice
[2015.08.30-07.58.54:478][412]LogD3D11RHI: InitD3DDevice
[2015.08.30-07.58.54:999][471]LogD3D11RHI: InitD3DDevice
[2015.08.30-07.58.55:751][557]LogD3D11RHI: InitD3DDevice
[2015.08.30-07.58.55:814][562]LogD3D11RHI: InitD3DDevice
[2015.08.30-07.58.56:195][601]LogD3D11RHI: InitD3DDevice
[2015.08.30-07.58.57:114][707]LogD3D11RHI: InitD3DDevice
[2015.08.30-07.58.57:171][711]LogD3D11RHI: InitD3DDevice
[2015.08.30-07.58.57:654][765]LogD3D11RHI: InitD3DDevice
[2015.08.30-07.58.58:448][856]LogD3D11RHI: InitD3DDevice
[2015.08.30-07.58.58:998][909]LogD3D11RHI: InitD3DDevice
[2015.08.30-07.59.00:703][110]LogD3D11RHI: InitD3DDevice
[2015.08.30-07.59.01:659][217]LogD3D11RHI: InitD3DDevice
[2015.08.30-07.59.03:106][386]LogD3D11RHI: InitD3DDevice
[2015.08.30-07.59.04:647][544]LogD3D11RHI: InitD3DDevice
[2015.08.30-07.59.05:457][635]LogD3D11RHI: InitD3DDevice
[2015.08.30-07.59.09:107][ 66]LogD3D11RHI: InitD3DDevice
[2015.08.30-07.59.09:494][107]LogD3D11RHI: InitD3DDevice
[2015.08.30-07.59.10:358][194]LogD3D11RHI: InitD3DDevice
[2015.08.30-07.59.11:137][282]LogD3D11RHI: InitD3DDevice
[2015.08.30-07.59.15:803][803]LogActorComponent: UnregisterComponent: (/Engine/Transient.CharMoveComp) Not registered. Aborting.
[2015.08.30-07.59.15:804][803]LogActorComponent: UnregisterComponent: (/Engine/Transient.ProjectileMovementComponent_40__A6522401) Not registered. Aborting.
[2015.08.30-07.59.15:838][803]LogParticles: Destroying 0 GPU particle simulations for FXSystem 0x000000DD19BEC7C0
[2015.08.30-07.59.15:838][803]LogParticles: Destroying 0 GPU particle simulations for FXSystem 0x000000DD41E58540
[2015.08.30-07.59.15:987][803]LogD3D11RHI: InitD3DDevice
[2015.08.30-07.59.19:216][803]LogD3D11RHI: InitD3DDevice
[2015.08.30-07.59.19:373][803]LogSavePackage: Save=113.613884ms
[2015.08.30-07.59.19:373][803]LogSavePackage: Moving '../../../../../../Users/Nikhil/Documents/GitHub/Fight-or-Flight/FightorFlight/Saved/FirstPersonCharacterA8700EFB498B8C6832D6C582C9925921.tmp' to '../../../../../../Users/Nikhil/Documents/GitHub/Fight-or-Flight/FightorFlight/Content/FirstPersonBP/Blueprints/FirstPersonCharacter.uasset'
[2015.08.30-07.59.19:380][803]LogActorComponent: UnregisterComponent: (/Engine/Transient.CharMoveComp) Not registered. Aborting.
[2015.08.30-07.59.19:430][803]LogD3D11RHI: InitD3DDevice
[2015.08.30-07.59.19:646][803]LogSavePackage: Save=186.474960ms
[2015.08.30-07.59.19:646][803]LogSavePackage: Moving '../../../../../../Users/Nikhil/Documents/GitHub/Fight-or-Flight/FightorFlight/Saved/UEDPCFirstPersonExampleMap5FC3681F44F91EBE27AD45A38CB9D650.tmp' to '../../../../../../Users/Nikhil/Documents/GitHub/Fight-or-Flight/FightorFlight/Saved/Autosaves/Game/FirstPersonBP/Maps/UEDPCFirstPersonExampleMap.umap'
[2015.08.30-07.59.42:433][928]LogD3D11RHI: InitD3DDevice
[2015.08.30-07.59.43:259][ 23]MapCheck: New page: Map Check
[2015.08.30-07.59.43:268][ 23]LogD3D11RHI: InitD3DDevice
[2015.08.30-07.59.43:296][ 23]Cmd: MAP REBUILD ALLVISIBLE
[2015.08.30-07.59.43:296][ 23]LogEditorServer: Rebuildmap Clear paths rebuilt
[2015.08.30-07.59.43:388][ 23]LightingResults: New page: Lighting Build - Aug 29, 2015, 11:59:43 PM
[2015.08.30-07.59.46:804][ 23]LightingResults:Warning: Performance Warning No importance volume found and the scene is so large that the automatically synthesized volume will not yield good results.  Please add a tightly bounding lightmass importance volume to optimize your scene's quality and lighting build times.
[2015.08.30-07.59.46:805][ 23]LogStaticLightingSystem: Running Lightmass w/ ImmediateImport mode ENABLED
[2015.08.30-07.59.46:805][ 23]LogStaticLightingSystem: Running Lightmass w/ ImmediateProcess mode ENABLED
[2015.08.30-07.59.46:805][ 23]LogStaticLightingSystem: Running Lightmass w/ Sorting mode ENABLED
[2015.08.30-07.59.46:805][ 23]LogStaticLightingSystem: Running Lightmass w/ Mapping paddings ENABLED
[2015.08.30-07.59.46:805][ 23]LogStaticLightingSystem: Running Lightmass w/ Mapping debug paddings DISABLED
[2015.08.30-07.59.47:018][ 23]LogD3D11RHI: InitD3DDevice
[2015.08.30-07.59.47:040][ 23]LogEditorBuildUtils: Build time 0:00:03
[2015.08.30-07.59.47:046][ 23]LogMaterial: Missing cached shader map for material FLightmassMaterialRenderer MaterialInstanceDynamic_76, compiling. 
[2015.08.30-07.59.47:053][ 23]LogMaterial: Missing cached shader map for material FLightmassMaterialRenderer MaterialInstanceDynamic_76, compiling. 
[2015.08.30-07.59.47:073][ 24]Cmd: UpdateLandscapeEditorData
[2015.08.30-08.00.17:811][213]Job is a success!
[2015.08.30-08.00.17:823][214]LogD3D11RHI: InitD3DDevice
[2015.08.30-08.00.17:828][214]LogD3D11RHI: InitD3DDevice
[2015.08.30-08.00.17:992][214]LogTexture:Display: Building textures: HQ_Lightmap0_1 (AutoDXT)
[2015.08.30-08.00.18:008][214]LogTexture:Display: Building textures: LQ_Lightmap_0_65 (DXT1)
[2015.08.30-08.00.18:012][214]LogTexture:Display: Building textures: HQ_Lightmap0_65 (AutoDXT)
[2015.08.30-08.00.18:017][214]LogTexture:Display: Building textures: LQ_Lightmap_0_64 (DXT1)
[2015.08.30-08.00.18:022][214]LogTexture:Display: Building textures: HQ_Lightmap0_64 (AutoDXT)
[2015.08.30-08.00.18:039][214]LogTexture:Display: Building textures: LQ_Lightmap_0_63 (DXT1)
[2015.08.30-08.00.18:045][214]LogTexture:Display: Building textures: HQ_Lightmap0_63 (AutoDXT)
[2015.08.30-08.00.18:062][214]LogTexture:Display: Building textures: LQ_Lightmap_0_62 (DXT1)
[2015.08.30-08.00.18:066][214]LogTexture:Display: Building textures: HQ_Lightmap0_62 (AutoDXT)
[2015.08.30-08.00.18:084][214]LogTexture:Display: Building textures: LQ_Lightmap_0_61 (DXT1)
[2015.08.30-08.00.18:086][214]LogTexture:Display: Building textures: HQ_Lightmap0_61 (AutoDXT)
[2015.08.30-08.00.18:110][214]LogTexture:Display: Building textures: LQ_Lightmap_0_60 (DXT1)
[2015.08.30-08.00.18:112][214]LogTexture:Display: Building textures: HQ_Lightmap0_60 (AutoDXT)
[2015.08.30-08.00.18:129][214]LogTexture:Display: Building textures: LQ_Lightmap_0_59 (DXT1)
[2015.08.30-08.00.18:132][214]LogTexture:Display: Building textures: HQ_Lightmap0_59 (AutoDXT)
[2015.08.30-08.00.18:152][214]LogTexture:Display: Building textures: LQ_Lightmap_0_58 (DXT1)
[2015.08.30-08.00.18:155][214]LogTexture:Display: Building textures: HQ_Lightmap0_58 (AutoDXT)
[2015.08.30-08.00.18:173][214]LogTexture:Display: Building textures: LQ_Lightmap_0_57 (DXT1)
[2015.08.30-08.00.18:175][214]LogTexture:Display: Building textures: HQ_Lightmap0_57 (AutoDXT)
[2015.08.30-08.00.18:195][214]LogTexture:Display: Building textures: LQ_Lightmap_0_56 (DXT1)
[2015.08.30-08.00.18:198][214]LogTexture:Display: Building textures: HQ_Lightmap0_56 (AutoDXT)
[2015.08.30-08.00.18:217][214]LogTexture:Display: Building textures: LQ_Lightmap_0_55 (DXT1)
[2015.08.30-08.00.18:222][214]LogTexture:Display: Building textures: HQ_Lightmap0_55 (AutoDXT)
[2015.08.30-08.00.18:240][214]LogTexture:Display: Building textures: LQ_Lightmap_0_54 (DXT1)
[2015.08.30-08.00.18:246][214]LogTexture:Display: Building textures: HQ_Lightmap0_54 (AutoDXT)
[2015.08.30-08.00.18:263][214]LogTexture:Display: Building textures: LQ_Lightmap_0_53 (DXT1)
[2015.08.30-08.00.18:265][214]LogTexture:Display: Building textures: HQ_Lightmap0_53 (AutoDXT)
[2015.08.30-08.00.18:284][214]LogTexture:Display: Building textures: LQ_Lightmap_0_52 (DXT1)
[2015.08.30-08.00.18:287][214]LogTexture:Display: Building textures: HQ_Lightmap0_52 (AutoDXT)
[2015.08.30-08.00.18:306][214]LogTexture:Display: Building textures: LQ_Lightmap_0_51 (DXT1)
[2015.08.30-08.00.18:312][214]LogTexture:Display: Building textures: HQ_Lightmap0_51 (AutoDXT)
[2015.08.30-08.00.18:329][214]LogTexture:Display: Building textures: LQ_Lightmap_0_50 (DXT1)
[2015.08.30-08.00.18:332][214]LogTexture:Display: Building textures: HQ_Lightmap0_50 (AutoDXT)
[2015.08.30-08.00.18:351][214]LogTexture:Display: Building textures: LQ_Lightmap_0_49 (DXT1)
[2015.08.30-08.00.18:354][214]LogTexture:Display: Building textures: HQ_Lightmap0_49 (AutoDXT)
[2015.08.30-08.00.18:373][214]LogTexture:Display: Building textures: LQ_Lightmap_0_48 (DXT1)
[2015.08.30-08.00.18:376][214]LogTexture:Display: Building textures: HQ_Lightmap0_48 (AutoDXT)
[2015.08.30-08.00.18:394][214]LogTexture:Display: Building textures: LQ_Lightmap_0_47 (DXT1)
[2015.08.30-08.00.18:398][214]LogTexture:Display: Building textures: HQ_Lightmap0_47 (AutoDXT)
[2015.08.30-08.00.18:416][214]LogTexture:Display: Building textures: LQ_Lightmap_0_46 (DXT1)
[2015.08.30-08.00.18:421][214]LogTexture:Display: Building textures: HQ_Lightmap0_46 (AutoDXT)
[2015.08.30-08.00.18:438][214]LogTexture:Display: Building textures: LQ_Lightmap_0_45 (DXT1)
[2015.08.30-08.00.18:443][214]LogTexture:Display: Building textures: HQ_Lightmap0_45 (AutoDXT)
[2015.08.30-08.00.18:460][214]LogTexture:Display: Building textures: LQ_Lightmap_0_44 (DXT1)
[2015.08.30-08.00.18:463][214]LogTexture:Display: Building textures: HQ_Lightmap0_44 (AutoDXT)
[2015.08.30-08.00.18:483][214]LogTexture:Display: Building textures: LQ_Lightmap_0_43 (DXT1)
[2015.08.30-08.00.18:485][214]LogTexture:Display: Building textures: HQ_Lightmap0_43 (AutoDXT)
[2015.08.30-08.00.18:506][214]LogTexture:Display: Building textures: LQ_Lightmap_0_42 (DXT1)
[2015.08.30-08.00.18:513][214]LogTexture:Display: Building textures: HQ_Lightmap0_42 (AutoDXT)
[2015.08.30-08.00.18:530][214]LogTexture:Display: Building textures: LQ_Lightmap_0_41 (DXT1)
[2015.08.30-08.00.18:533][214]LogTexture:Display: Building textures: HQ_Lightmap0_41 (AutoDXT)
[2015.08.30-08.00.18:552][214]LogTexture:Display: Building textures: LQ_Lightmap_0_40 (DXT1)
[2015.08.30-08.00.18:554][214]LogTexture:Display: Building textures: HQ_Lightmap0_40 (AutoDXT)
[2015.08.30-08.00.18:573][214]LogTexture:Display: Building textures: LQ_Lightmap_0_39 (DXT1)
[2015.08.30-08.00.18:575][214]LogTexture:Display: Building textures: HQ_Lightmap0_39 (AutoDXT)
[2015.08.30-08.00.18:595][214]LogTexture:Display: Building textures: LQ_Lightmap_0_38 (DXT1)
[2015.08.30-08.00.18:599][214]LogTexture:Display: Building textures: HQ_Lightmap0_38 (AutoDXT)
[2015.08.30-08.00.18:617][214]LogTexture:Display: Building textures: LQ_Lightmap_0_37 (DXT1)
[2015.08.30-08.00.18:622][214]LogTexture:Display: Building textures: HQ_Lightmap0_37 (AutoDXT)
[2015.08.30-08.00.18:640][214]LogTexture:Display: Building textures: LQ_Lightmap_0_36 (DXT1)
[2015.08.30-08.00.18:644][214]LogTexture:Display: Building textures: HQ_Lightmap0_36 (AutoDXT)
[2015.08.30-08.00.18:662][214]LogTexture:Display: Building textures: LQ_Lightmap_0_35 (DXT1)
[2015.08.30-08.00.18:665][214]LogTexture:Display: Building textures: HQ_Lightmap0_35 (AutoDXT)
[2015.08.30-08.00.18:683][214]LogTexture:Display: Building textures: LQ_Lightmap_0_34 (DXT1)
[2015.08.30-08.00.18:686][214]LogTexture:Display: Building textures: HQ_Lightmap0_34 (AutoDXT)
[2015.08.30-08.00.18:706][214]LogTexture:Display: Building textures: LQ_Lightmap_0_33 (DXT1)
[2015.08.30-08.00.18:708][214]LogTexture:Display: Building textures: HQ_Lightmap0_33 (AutoDXT)
[2015.08.30-08.00.18:735][214]LogTexture:Display: Building textures: LQ_Lightmap_0_32 (DXT1)
[2015.08.30-08.00.18:737][214]LogTexture:Display: Building textures: HQ_Lightmap0_32 (AutoDXT)
[2015.08.30-08.00.18:754][214]LogTexture:Display: Building textures: LQ_Lightmap_0_31 (DXT1)
[2015.08.30-08.00.18:756][214]LogTexture:Display: Building textures: HQ_Lightmap0_31 (AutoDXT)
[2015.08.30-08.00.18:776][214]LogTexture:Display: Building textures: LQ_Lightmap_0_30 (DXT1)
[2015.08.30-08.00.18:778][214]LogTexture:Display: Building textures: HQ_Lightmap0_30 (AutoDXT)
[2015.08.30-08.00.18:798][214]LogTexture:Display: Building textures: LQ_Lightmap_0_29 (DXT1)
[2015.08.30-08.00.18:803][214]LogTexture:Display: Building textures: HQ_Lightmap0_29 (AutoDXT)
[2015.08.30-08.00.18:820][214]LogTexture:Display: Building textures: LQ_Lightmap_0_28 (DXT1)
[2015.08.30-08.00.18:825][214]LogTexture:Display: Building textures: HQ_Lightmap0_28 (AutoDXT)
[2015.08.30-08.00.18:843][214]LogTexture:Display: Building textures: LQ_Lightmap_0_27 (DXT1)
[2015.08.30-08.00.18:845][214]LogTexture:Display: Building textures: HQ_Lightmap0_27 (AutoDXT)
[2015.08.30-08.00.18:865][214]LogTexture:Display: Building textures: LQ_Lightmap_0_26 (DXT1)
[2015.08.30-08.00.18:867][214]LogTexture:Display: Building textures: HQ_Lightmap0_26 (AutoDXT)
[2015.08.30-08.00.18:886][214]LogTexture:Display: Building textures: LQ_Lightmap_0_25 (DXT1)
[2015.08.30-08.00.18:889][214]LogTexture:Display: Building textures: HQ_Lightmap0_25 (AutoDXT)
[2015.08.30-08.00.18:908][214]LogTexture:Display: Building textures: LQ_Lightmap_0_24 (DXT1)
[2015.08.30-08.00.18:911][214]LogTexture:Display: Building textures: HQ_Lightmap0_24 (AutoDXT)
[2015.08.30-08.00.18:933][214]LogTexture:Display: Building textures: LQ_Lightmap_0_23 (DXT1)
[2015.08.30-08.00.18:935][214]LogTexture:Display: Building textures: HQ_Lightmap0_23 (AutoDXT)
[2015.08.30-08.00.18:954][214]LogTexture:Display: Building textures: LQ_Lightmap_0_22 (DXT1)
[2015.08.30-08.00.18:956][214]LogTexture:Display: Building textures: HQ_Lightmap0_22 (AutoDXT)
[2015.08.30-08.00.18:975][214]LogTexture:Display: Building textures: LQ_Lightmap_0_21 (DXT1)
[2015.08.30-08.00.18:979][214]LogTexture:Display: Building textures: HQ_Lightmap0_21 (AutoDXT)
[2015.08.30-08.00.18:998][214]LogTexture:Display: Building textures: LQ_Lightmap_0_20 (DXT1)
[2015.08.30-08.00.19:003][214]LogTexture:Display: Building textures: HQ_Lightmap0_20 (AutoDXT)
[2015.08.30-08.00.19:020][214]LogTexture:Display: Building textures: LQ_Lightmap_0_19 (DXT1)
[2015.08.30-08.00.19:026][214]LogTexture:Display: Building textures: HQ_Lightmap0_19 (AutoDXT)
[2015.08.30-08.00.19:043][214]LogTexture:Display: Building textures: LQ_Lightmap_0_18 (DXT1)
[2015.08.30-08.00.19:045][214]LogTexture:Display: Building textures: HQ_Lightmap0_18 (AutoDXT)
[2015.08.30-08.00.19:065][214]LogTexture:Display: Building textures: LQ_Lightmap_0_17 (DXT1)
[2015.08.30-08.00.19:067][214]LogTexture:Display: Building textures: HQ_Lightmap0_17 (AutoDXT)
[2015.08.30-08.00.19:087][214]LogTexture:Display: Building textures: LQ_Lightmap_0_16 (DXT1)
[2015.08.30-08.00.19:089][214]LogTexture:Display: Building textures: HQ_Lightmap0_16 (AutoDXT)
[2015.08.30-08.00.19:109][214]LogTexture:Display: Building textures: LQ_Lightmap_0_15 (DXT1)
[2015.08.30-08.00.19:111][214]LogTexture:Display: Building textures: HQ_Lightmap0_15 (AutoDXT)
[2015.08.30-08.00.19:131][214]LogTexture:Display: Building textures: LQ_Lightmap_0_14 (DXT1)
[2015.08.30-08.00.19:135][214]LogTexture:Display: Building textures: HQ_Lightmap0_14 (AutoDXT)
[2015.08.30-08.00.19:153][214]LogTexture:Display: Building textures: LQ_Lightmap_0_13 (DXT1)
[2015.08.30-08.00.19:156][214]LogTexture:Display: Building textures: HQ_Lightmap0_13 (AutoDXT)
[2015.08.30-08.00.19:175][214]LogTexture:Display: Building textures: LQ_Lightmap_0_12 (DXT1)
[2015.08.30-08.00.19:177][214]LogTexture:Display: Building textures: HQ_Lightmap0_12 (AutoDXT)
[2015.08.30-08.00.19:197][214]LogTexture:Display: Building textures: LQ_Lightmap_0_11 (DXT1)
[2015.08.30-08.00.19:202][214]LogTexture:Display: Building textures: HQ_Lightmap0_11 (AutoDXT)
[2015.08.30-08.00.19:219][214]LogTexture:Display: Building textures: LQ_Lightmap_0_10 (DXT1)
[2015.08.30-08.00.19:224][214]LogTexture:Display: Building textures: HQ_Lightmap0_10 (AutoDXT)
[2015.08.30-08.00.19:241][214]LogTexture:Display: Building textures: LQ_Lightmap_0_9 (DXT1)
[2015.08.30-08.00.19:244][214]LogTexture:Display: Building textures: HQ_Lightmap0_9 (AutoDXT)
[2015.08.30-08.00.19:263][214]LogTexture:Display: Building textures: LQ_Lightmap_1_8 (DXT1)
[2015.08.30-08.00.19:266][214]LogTexture:Display: Building textures: HQ_Lightmap1_8 (AutoDXT)
[2015.08.30-08.00.19:285][214]LogTexture:Display: Building textures: LQ_Lightmap_0_7 (DXT1)
[2015.08.30-08.00.19:288][214]LogTexture:Display: Building textures: HQ_Lightmap0_7 (AutoDXT)
[2015.08.30-08.00.19:308][214]LogTexture:Display: Building textures: LQ_Lightmap_0_6 (DXT1)
[2015.08.30-08.00.19:311][214]LogTexture:Display: Building textures: HQ_Lightmap0_6 (AutoDXT)
[2015.08.30-08.00.19:329][214]LogTexture:Display: Building textures: LQ_Lightmap_0_5 (DXT1)
[2015.08.30-08.00.19:333][214]LogTexture:Display: Building textures: HQ_Lightmap0_5 (AutoDXT)
[2015.08.30-08.00.19:353][214]LogTexture:Display: Building textures: LQ_Lightmap_0_4 (DXT1)
[2015.08.30-08.00.19:356][214]LogTexture:Display: Building textures: HQ_Lightmap0_4 (AutoDXT)
[2015.08.30-08.00.19:374][214]LogTexture:Display: Building textures: LQ_Lightmap_0_3 (DXT1)
[2015.08.30-08.00.19:380][214]LogTexture:Display: Building textures: HQ_Lightmap0_3 (AutoDXT)
[2015.08.30-08.00.19:397][214]LogTexture:Display: Building textures: LQ_Lightmap_0_2 (DXT1)
[2015.08.30-08.00.19:403][214]LogTexture:Display: Building textures: HQ_Lightmap0_2 (AutoDXT)
[2015.08.30-08.00.19:420][214]LogTexture:Display: Building textures: LQ_Lightmap_0_1 (DXT1)
[2015.08.30-08.00.19:426][214]LogTexture:Display: Building textures: ShadowMapTexture2D_0 (BGRA8)
[2015.08.30-08.00.19:430][214]LogTexture:Display: Building textures: ShadowMapTexture2D_1 (BGRA8)
[2015.08.30-08.00.19:435][214]LogTexture:Display: Building textures: ShadowMapTexture2D_2 (BGRA8)
[2015.08.30-08.00.19:438][214]LogTexture:Display: Building textures: ShadowMapTexture2D_3 (BGRA8)
[2015.08.30-08.00.19:443][214]LogTexture:Display: Building textures: ShadowMapTexture2D_4 (BGRA8)
[2015.08.30-08.00.19:447][214]LogTexture:Display: Building textures: ShadowMapTexture2D_5 (BGRA8)
[2015.08.30-08.00.19:451][214]LogTexture:Display: Building textures: ShadowMapTexture2D_6 (BGRA8)
[2015.08.30-08.00.19:455][214]LogTexture:Display: Building textures: ShadowMapTexture2D_8 (BGRA8)
[2015.08.30-08.00.19:459][214]LogTexture:Display: Building textures: ShadowMapTexture2D_9 (BGRA8)
[2015.08.30-08.00.19:463][214]LogTexture:Display: Building textures: ShadowMapTexture2D_10 (BGRA8)
[2015.08.30-08.00.19:466][214]LogTexture:Display: Building textures: ShadowMapTexture2D_11 (BGRA8)
[2015.08.30-08.00.19:470][214]LogTexture:Display: Building textures: ShadowMapTexture2D_12 (BGRA8)
[2015.08.30-08.00.19:474][214]LogTexture:Display: Building textures: ShadowMapTexture2D_13 (BGRA8)
[2015.08.30-08.00.19:478][214]LogTexture:Display: Building textures: ShadowMapTexture2D_14 (BGRA8)
[2015.08.30-08.00.19:482][214]LogTexture:Display: Building textures: ShadowMapTexture2D_15 (BGRA8)
[2015.08.30-08.00.19:487][214]LogTexture:Display: Building textures: ShadowMapTexture2D_16 (BGRA8)
[2015.08.30-08.00.19:491][214]LogTexture:Display: Building textures: ShadowMapTexture2D_17 (BGRA8)
[2015.08.30-08.00.19:496][214]LogTexture:Display: Building textures: ShadowMapTexture2D_18 (BGRA8)
[2015.08.30-08.00.19:500][214]LogTexture:Display: Building textures: ShadowMapTexture2D_19 (BGRA8)
[2015.08.30-08.00.19:504][214]LogTexture:Display: Building textures: ShadowMapTexture2D_20 (BGRA8)
[2015.08.30-08.00.19:508][214]LogTexture:Display: Building textures: ShadowMapTexture2D_21 (BGRA8)
[2015.08.30-08.00.19:512][214]LogTexture:Display: Building textures: ShadowMapTexture2D_22 (BGRA8)
[2015.08.30-08.00.19:516][214]LogTexture:Display: Building textures: ShadowMapTexture2D_23 (BGRA8)
[2015.08.30-08.00.19:520][214]LogTexture:Display: Building textures: ShadowMapTexture2D_24 (BGRA8)
[2015.08.30-08.00.19:523][214]LogTexture:Display: Building textures: ShadowMapTexture2D_25 (BGRA8)
[2015.08.30-08.00.19:527][214]LogTexture:Display: Building textures: ShadowMapTexture2D_26 (BGRA8)
[2015.08.30-08.00.19:531][214]LogTexture:Display: Building textures: ShadowMapTexture2D_27 (BGRA8)
[2015.08.30-08.00.19:536][214]LogTexture:Display: Building textures: ShadowMapTexture2D_28 (BGRA8)
[2015.08.30-08.00.19:540][214]LogTexture:Display: Building textures: ShadowMapTexture2D_29 (BGRA8)
[2015.08.30-08.00.19:545][214]LogTexture:Display: Building textures: ShadowMapTexture2D_30 (BGRA8)
[2015.08.30-08.00.19:549][214]LogTexture:Display: Building textures: ShadowMapTexture2D_31 (BGRA8)
[2015.08.30-08.00.19:552][214]LogTexture:Display: Building textures: ShadowMapTexture2D_32 (BGRA8)
[2015.08.30-08.00.19:558][214]LogTexture:Display: Building textures: ShadowMapTexture2D_33 (BGRA8)
[2015.08.30-08.00.19:561][214]LogTexture:Display: Building textures: ShadowMapTexture2D_34 (BGRA8)
[2015.08.30-08.00.19:566][214]LogTexture:Display: Building textures: ShadowMapTexture2D_35 (BGRA8)
[2015.08.30-08.00.19:570][214]LogTexture:Display: Building textures: ShadowMapTexture2D_36 (BGRA8)
[2015.08.30-08.00.19:573][214]LogTexture:Display: Building textures: ShadowMapTexture2D_37 (BGRA8)
[2015.08.30-08.00.19:577][214]LogTexture:Display: Building textures: ShadowMapTexture2D_38 (BGRA8)
[2015.08.30-08.00.19:581][214]LogTexture:Display: Building textures: ShadowMapTexture2D_39 (BGRA8)
[2015.08.30-08.00.19:585][214]LogTexture:Display: Building textures: ShadowMapTexture2D_40 (BGRA8)
[2015.08.30-08.00.19:590][214]LogTexture:Display: Building textures: ShadowMapTexture2D_41 (BGRA8)
[2015.08.30-08.00.19:594][214]LogTexture:Display: Building textures: ShadowMapTexture2D_42 (BGRA8)
[2015.08.30-08.00.19:599][214]LogTexture:Display: Building textures: ShadowMapTexture2D_43 (BGRA8)
[2015.08.30-08.00.19:604][214]LogTexture:Display: Building textures: ShadowMapTexture2D_44 (BGRA8)
[2015.08.30-08.00.19:608][214]LogTexture:Display: Building textures: ShadowMapTexture2D_45 (BGRA8)
[2015.08.30-08.00.19:612][214]LogTexture:Display: Building textures: ShadowMapTexture2D_46 (BGRA8)
[2015.08.30-08.00.19:615][214]LogTexture:Display: Building textures: ShadowMapTexture2D_47 (BGRA8)
[2015.08.30-08.00.19:619][214]LogTexture:Display: Building textures: ShadowMapTexture2D_48 (BGRA8)
[2015.08.30-08.00.19:623][214]LogTexture:Display: Building textures: ShadowMapTexture2D_49 (BGRA8)
[2015.08.30-08.00.19:627][214]LogTexture:Display: Building textures: ShadowMapTexture2D_50 (BGRA8)
[2015.08.30-08.00.19:631][214]LogTexture:Display: Building textures: ShadowMapTexture2D_51 (BGRA8)
[2015.08.30-08.00.19:634][214]LogTexture:Display: Building textures: ShadowMapTexture2D_52 (BGRA8)
[2015.08.30-08.00.19:639][214]LogTexture:Display: Building textures: ShadowMapTexture2D_53 (BGRA8)
[2015.08.30-08.00.19:642][214]LogTexture:Display: Building textures: ShadowMapTexture2D_54 (BGRA8)
[2015.08.30-08.00.19:646][214]LogTexture:Display: Building textures: ShadowMapTexture2D_55 (BGRA8)
[2015.08.30-08.00.19:650][214]LogTexture:Display: Building textures: ShadowMapTexture2D_56 (BGRA8)
[2015.08.30-08.00.19:655][214]LogTexture:Display: Building textures: ShadowMapTexture2D_57 (BGRA8)
[2015.08.30-08.00.19:659][214]LogTexture:Display: Building textures: ShadowMapTexture2D_58 (BGRA8)
[2015.08.30-08.00.19:663][214]LogTexture:Display: Building textures: ShadowMapTexture2D_59 (BGRA8)
[2015.08.30-08.00.19:666][214]LogTexture:Display: Building textures: ShadowMapTexture2D_60 (BGRA8)
[2015.08.30-08.00.19:670][214]LogTexture:Display: Building textures: ShadowMapTexture2D_61 (BGRA8)
[2015.08.30-08.00.19:674][214]LogTexture:Display: Building textures: ShadowMapTexture2D_62 (BGRA8)
[2015.08.30-08.00.19:678][214]LogTexture:Display: Building textures: ShadowMapTexture2D_63 (BGRA8)
[2015.08.30-08.00.19:682][214]LogTexture:Display: Building textures: ShadowMapTexture2D_64 (BGRA8)
[2015.08.30-08.00.19:683][214]LogTexture:Display: Building textures: ShadowMapTexture2D_65 (BGRA8)
[2015.08.30-08.00.19:729][214]Lightmass on NIKHIL-PC: 28.8 sec total, 500 ms importing, 1.37 sec setup, 1.70 sec photons, 25.2 sec processing, 0 ms extra exporting [65/65 mappings]. Threads: 2:56 min total, 2:14 min processing.
[2015.08.30-08.00.19:729][214]LogD3D11RHI: InitD3DDevice
[2015.08.30-08.00.19:793][214]LogStaticLightingSystem: Illumination: 36.4 sec (1.78 sec encoding lightmaps)
[2015.08.30-08.00.19:793][214]LogStaticLightingSystem: Lightmap texture memory:  1.3 MB (1.3 MB streaming, 0.0 MB non-streaming), 130 textures
[2015.08.30-08.00.19:793][214]LogStaticLightingSystem: Shadowmap texture memory: 2.7 MB (2.7 MB streaming, 0.0 MB non-streaming), 65 textures
[2015.08.30-08.00.20:834][215]Cmd: UpdateLandscapeEditorData
[2015.08.30-08.00.20:835][215]Cmd: MAP CHECK NOTIFYRESULTS
[2015.08.30-08.00.20:835][215]MapCheck: New page: FirstPersonExampleMap - Aug 30, 2015, 12:00:20 AM
[2015.08.30-08.00.20:923][215]MapCheck: Info Map check complete: 0 Error(s), 0 Warning(s), took 88.663ms to complete.
[2015.08.30-08.00.24:830][665]LogD3D11RHI: InitD3DDevice
[2015.08.30-08.00.28:017][ 40]LogPlayLevel: PIE:  No blueprints needed recompiling
[2015.08.30-08.00.28:017][ 40]PIE: New page: PIE session: FirstPersonExampleMap (Aug 30, 2015, 12:00:28 AM)
[2015.08.30-08.00.28:018][ 40]LogPlayLevel: Creating play world package: /Game/FirstPersonBP/Maps/UEDPIE_0_FirstPersonExampleMap
[2015.08.30-08.00.28:034][ 40]LogPlayLevel: PIE: StaticDuplicateObject took: (0.016195s)
[2015.08.30-08.00.28:035][ 40]LogAIModule: Creating AISystem for world FirstPersonExampleMap
[2015.08.30-08.00.28:036][ 40]LogPlayLevel: PIE: World Init took: (0.001899s)
[2015.08.30-08.00.28:036][ 40]LogPlayLevel: PIE: Created PIE world by copying editor world from /Game/FirstPersonBP/Maps/FirstPersonExampleMap.FirstPersonExampleMap to /Game/FirstPersonBP/Maps/UEDPIE_0_FirstPersonExampleMap.FirstPersonExampleMap (0.018505s)
[2015.08.30-08.00.28:130][ 40]LogInit: XAudio2 using 'Speakers (Realtek High Definition Audio)' : 2 channels at 48 kHz using 32 bits per sample (channel mask 0x3)
[2015.08.30-08.00.28:145][ 40]LogInit: FAudioDevice initialized.
[2015.08.30-08.00.28:149][ 40]LogD3D11RHI: InitD3DDevice
[2015.08.30-08.00.28:198][ 40]LogWorld: Game class is 'FirstPersonGameMode_C'
[2015.08.30-08.00.28:219][ 40]LogWorld: Bringing World /Game/FirstPersonBP/Maps/UEDPIE_0_FirstPersonExampleMap.FirstPersonExampleMap up for play (max tick rate 0) at 2015.08.30-04.00.28
[2015.08.30-08.00.28:219][ 40]LogActor:Warning: GameSession /Game/FirstPersonBP/Maps/UEDPIE_0_FirstPersonExampleMap.FirstPersonExampleMap:PersistentLevel.GameSession_0 has natively added scene component(s), but none of them were set as the actor's RootComponent - picking one arbitrarily
[2015.08.30-08.00.28:220][ 40]LogActor:Warning: GameNetworkManager /Game/FirstPersonBP/Maps/UEDPIE_0_FirstPersonExampleMap.FirstPersonExampleMap:PersistentLevel.GameNetworkManager_0 has natively added scene component(s), but none of them were set as the actor's RootComponent - picking one arbitrarily
[2015.08.30-08.00.28:220][ 40]LogWorld: Bringing up level for play took: 0.019067
[2015.08.30-08.00.28:244][ 40]PIE: Info Play in editor start time for /Game/FirstPersonBP/Maps/UEDPIE_0_FirstPersonExampleMap 0.428
[2015.08.30-08.00.28:415][ 40]LogRenderer: Reallocating scene render targets to support 1296x760 (Frame:2582).
[2015.08.30-08.00.33:960][651]LogParticles: Destroying 0 GPU particle simulations for FXSystem 0x000000DD10F58EA0
[2015.08.30-08.01.01:295][696]LogD3D11RHI: InitD3DDevice
[2015.08.30-08.01.02:922][879]LogD3D11RHI: InitD3DDevice
[2015.08.30-08.01.04:936][107]LogPlayLevel: PIE:  No blueprints needed recompiling
[2015.08.30-08.01.04:936][107]PIE: New page: PIE session: FirstPersonExampleMap (Aug 30, 2015, 12:01:04 AM)
[2015.08.30-08.01.04:937][107]LogPlayLevel: Creating play world package: /Game/FirstPersonBP/Maps/UEDPIE_0_FirstPersonExampleMap
[2015.08.30-08.01.04:972][107]LogPlayLevel: PIE: StaticDuplicateObject took: (0.035311s)
[2015.08.30-08.01.04:972][107]LogAIModule: Creating AISystem for world FirstPersonExampleMap
[2015.08.30-08.01.04:973][107]LogPlayLevel: PIE: World Init took: (0.001395s)
[2015.08.30-08.01.04:973][107]LogPlayLevel: PIE: Created PIE world by copying editor world from /Game/FirstPersonBP/Maps/FirstPersonExampleMap.FirstPersonExampleMap to /Game/FirstPersonBP/Maps/UEDPIE_0_FirstPersonExampleMap.FirstPersonExampleMap (0.036916s)
[2015.08.30-08.01.05:062][107]LogInit: XAudio2 using 'Speakers (Realtek High Definition Audio)' : 2 channels at 48 kHz using 32 bits per sample (channel mask 0x3)
[2015.08.30-08.01.05:076][107]LogInit: FAudioDevice initialized.
[2015.08.30-08.01.05:080][107]LogD3D11RHI: InitD3DDevice
[2015.08.30-08.01.05:114][107]LogWorld: Game class is 'FirstPersonGameMode_C'
[2015.08.30-08.01.05:136][107]LogWorld: Bringing World /Game/FirstPersonBP/Maps/UEDPIE_0_FirstPersonExampleMap.FirstPersonExampleMap up for play (max tick rate 0) at 2015.08.30-04.01.05
[2015.08.30-08.01.05:136][107]LogActor:Warning: GameSession /Game/FirstPersonBP/Maps/UEDPIE_0_FirstPersonExampleMap.FirstPersonExampleMap:PersistentLevel.GameSession_1 has natively added scene component(s), but none of them were set as the actor's RootComponent - picking one arbitrarily
[2015.08.30-08.01.05:136][107]LogActor:Warning: GameNetworkManager /Game/FirstPersonBP/Maps/UEDPIE_0_FirstPersonExampleMap.FirstPersonExampleMap:PersistentLevel.GameNetworkManager_1 has natively added scene component(s), but none of them were set as the actor's RootComponent - picking one arbitrarily
[2015.08.30-08.01.05:137][107]LogWorld: Bringing up level for play took: 0.019414
[2015.08.30-08.01.05:159][107]PIE: Info Play in editor start time for /Game/FirstPersonBP/Maps/UEDPIE_0_FirstPersonExampleMap -0.656
[2015.08.30-08.01.09:986][644]LogParticles: Destroying 0 GPU particle simulations for FXSystem 0x000000DD10F5BBA0
[2015.08.30-08.01.26:409][537]LogD3D11RHI: InitD3DDevice
[2015.08.30-08.01.27:040][537]LogSavePackage: Save=567.187927ms
[2015.08.30-08.01.27:040][537]LogSavePackage: Moving '../../../../../../Users/Nikhil/Documents/GitHub/Fight-or-Flight/FightorFlight/Saved/FirstPersonExampleMap09068A2F4A5D9925F5D425B1E1C92D51.tmp' to '../../../../../../Users/Nikhil/Documents/GitHub/Fight-or-Flight/FightorFlight/Content/FirstPersonBP/Maps/FirstPersonExampleMap.umap'
[2015.08.30-08.01.27:435][578]LogD3D11RHI: InitD3DDevice
[2015.08.30-08.01.28:722][730]LogD3D11RHI: InitD3DDevice
[2015.08.30-08.01.30:128][892]LogD3D11RHI: InitD3DDevice
[2015.08.30-08.01.35:551][526]SourceControl: Info On branch master
[2015.08.30-08.01.35:551][526]SourceControl: Info Your branch is up-to-date with 'origin/master'.
[2015.08.30-08.01.35:551][526]SourceControl: Info Changes not staged for commit:
[2015.08.30-08.01.35:551][526]SourceControl: Info   (use "git add/rm <file>..." to update what will be committed)
[2015.08.30-08.01.35:551][526]SourceControl: Info   (use "git checkout -- <file>..." to discard changes in working directory)
[2015.08.30-08.01.35:551][526]SourceControl: Info 	modified:   FightorFlight/Config/DefaultInput.ini
[2015.08.30-08.01.35:551][526]SourceControl: Info 	modified:   FightorFlight/Content/FirstPersonBP/Blueprints/FirstPersonCharacter.uasset
[2015.08.30-08.01.35:551][526]SourceControl: Info 	modified:   FightorFlight/Content/FirstPersonBP/Maps/FirstPersonExampleMap.umap
[2015.08.30-08.01.35:551][526]SourceControl: Info 	modified:   FightorFlight/FightorFlight.uproject
[2015.08.30-08.01.35:551][526]SourceControl: Info 	modified:   FightorFlight/Intermediate/CachedAssetRegistry.bin
[2015.08.30-08.01.35:551][526]SourceControl: Info 	modified:   FightorFlight/Intermediate/Config/CoalescedSourceConfigs/DeviceProfiles.ini
[2015.08.30-08.01.35:551][526]SourceControl: Info 	modified:   FightorFlight/Intermediate/Config/CoalescedSourceConfigs/Editor.ini
[2015.08.30-08.01.35:551][526]SourceControl: Info 	modified:   FightorFlight/Intermediate/Config/CoalescedSourceConfigs/Engine.ini
[2015.08.30-08.01.35:551][526]SourceControl: Info 	modified:   FightorFlight/Intermediate/Config/CoalescedSourceConfigs/Game.ini
[2015.08.30-08.01.35:551][526]SourceControl: Info 	modified:   FightorFlight/Intermediate/Config/CoalescedSourceConfigs/Input.ini
[2015.08.30-08.01.35:551][526]SourceControl: Info 	modified:   FightorFlight/Intermediate/Config/CoalescedSourceConfigs/Lightmass.ini
[2015.08.30-08.01.35:551][526]SourceControl: Info 	modified:   FightorFlight/Intermediate/Config/CoalescedSourceConfigs/Scalability.ini
[2015.08.30-08.01.35:551][526]SourceControl: Info 	modified:   FightorFlight/Saved/Autosaves/Game/FirstPersonBP/Maps/UEDPCFirstPersonExampleMap.umap
[2015.08.30-08.01.35:551][526]SourceControl: Info 	modified:   FightorFlight/Saved/Autosaves/PackageRestoreData.json
[2015.08.30-08.01.35:551][526]SourceControl: Info 	modified:   FightorFlight/Saved/Config/Windows/Editor.ini
[2015.08.30-08.01.35:551][526]SourceControl: Info 	deleted:    FightorFlight/Saved/Config/Windows/EditorUserSettings.ini
[2015.08.30-08.01.35:551][526]SourceControl: Info 	modified:   FightorFlight/Saved/Config/Windows/Engine.ini
[2015.08.30-08.01.35:551][526]SourceControl: Info 	modified:   FightorFlight/Saved/Config/WorldState/2733464406.json
[2015.08.30-08.01.35:551][526]SourceControl: Info 	modified:   FightorFlight/Saved/Logs/FightorFlight.log
[2015.08.30-08.01.35:552][526]SourceControl: Info 	modified:   FightorFlight/Saved/Logs/FightorFlight_2.log
[2015.08.30-08.01.35:552][526]SourceControl: Info Untracked files:
[2015.08.30-08.01.35:552][526]SourceControl: Info   (use "git add <file>..." to include in what will be committed)
[2015.08.30-08.01.35:552][526]SourceControl: Info 	FightorFlight/Intermediate/Config/CoalescedSourceConfigs/EditorPerProjectUserSettings.ini
[2015.08.30-08.01.35:552][526]SourceControl: Info 	FightorFlight/Intermediate/Config/CoalescedSourceConfigs/EditorSettings.ini
[2015.08.30-08.01.35:552][526]SourceControl: Info 	FightorFlight/Intermediate/Config/CoalescedSourceConfigs/InternationalizationExport.ini
[2015.08.30-08.01.35:552][526]SourceControl: Info 	FightorFlight/Saved/Backup/FirstPersonCharacter_2015-08-30-03-55-25.uasset
[2015.08.30-08.01.35:552][526]SourceControl: Info 	FightorFlight/Saved/Backup/FirstPersonExampleMap_2015-08-30-03-54-00.umap
[2015.08.30-08.01.35:552][526]SourceControl: Info 	FightorFlight/Saved/Backup/FirstPersonExampleMap_2015-08-30-03-59-19.umap
[2015.08.30-08.01.35:552][526]SourceControl: Info 	FightorFlight/Saved/Config/Windows/EditorPerProjectUserSettings.ini
[2015.08.30-08.01.35:552][526]SourceControl: Info 	FightorFlight/Saved/Config/Windows/EditorUserSettings.ini.bak
[2015.08.30-08.01.35:552][526]SourceControl: Info 	FightorFlight/Saved/Config/Windows/InternationalizationExport.ini
[2015.08.30-08.01.35:552][526]SourceControl: Info no changes added to commit (use "git add" and/or "git commit -a")
[2015.08.30-08.01.35:555][526]LogD3D11RHI: InitD3DDevice
[2015.08.30-08.01.38:460][840]LogD3D11RHI: InitD3DDevice
[2015.08.30-08.01.41:415][188]LogD3D11RHI: InitD3DDevice
[2015.08.30-08.01.42:099][257]LogD3D11RHI: InitD3DDevice
[2015.08.30-08.01.43:047][357]Cmd: CLOSE_SLATE_MAINFRAME
[2015.08.30-08.01.43:205][357]LogWindowsTextInputMethodSystem:Display: IME system now deactivated.
[2015.08.30-08.01.43:490][358]Cmd: QUIT_EDITOR
[2015.08.30-08.01.44:371][358]LogExit: Preparing to exit.
[2015.08.30-08.01.45:469][358]LogExit: Editor shut down
[2015.08.30-08.01.45:469][358]LogExit: Transaction tracking system shut down
[2015.08.30-08.01.45:470][358]LogParticles: Destroying 0 GPU particle simulations for FXSystem 0x000000DD1852EC00
[2015.08.30-08.01.45:472][358]LogParticles: Destroying 0 GPU particle simulations for FXSystem 0x000000DD1CE6F9C0
[2015.08.30-08.01.45:472][358]LogParticles: Destroying 0 GPU particle simulations for FXSystem 0x000000DD1506FD80
[2015.08.30-08.01.45:472][358]LogParticles: Destroying 0 GPU particle simulations for FXSystem 0x000000DD1506F880
[2015.08.30-08.01.45:475][358]LogParticles: Destroying 0 GPU particle simulations for FXSystem 0x000000DD1064B2E0
[2015.08.30-08.01.45:475][358]LogParticles: Destroying 0 GPU particle simulations for FXSystem 0x000000DD237BFF60
[2015.08.30-08.01.45:695][358]LogExit: Object subsystem successfully closed.
[2015.08.30-08.01.45:710][358]LogD3D11RHI: Shutdown
[2015.08.30-08.01.45:710][358]LogD3D11RHI: CleanupD3DDevice
[2015.08.30-08.01.45:809][358]LogD3D11RHI: ~FD3D11DynamicRHI
[2015.08.30-08.01.45:835][358]LogModuleManager: Shutting down and abandoning module ExternalImagePicker (189)
[2015.08.30-08.01.45:835][358]LogModuleManager: Shutting down and abandoning module CrashTracker (188)
[2015.08.30-08.01.45:835][358]LogModuleManager: Shutting down and abandoning module SceneOutliner (187)
[2015.08.30-08.01.45:835][358]LogModuleManager: Shutting down and abandoning module SuperSearch (186)
[2015.08.30-08.01.45:835][358]LogModuleManager: Shutting down and abandoning module WidgetCarousel (185)
[2015.08.30-08.01.45:835][358]LogModuleManager: Shutting down and abandoning module AddContentDialog (184)
[2015.08.30-08.01.45:836][358]LogModuleManager: Shutting down and abandoning module EditorWidgets (183)
[2015.08.30-08.01.45:836][358]LogModuleManager: Shutting down and abandoning module CollectionManager (182)
[2015.08.30-08.01.45:836][358]LogModuleManager: Shutting down and abandoning module StatsViewer (181)
[2015.08.30-08.01.45:836][358]LogModuleManager: Shutting down and abandoning module FoliageEdit (180)
[2015.08.30-08.01.45:836][358]LogModuleManager: Shutting down and abandoning module LandscapeEditor (179)
[2015.08.30-08.01.45:837][358]LogModuleManager: Shutting down and abandoning module ActorPickerMode (178)
[2015.08.30-08.01.45:837][358]LogModuleManager: Shutting down and abandoning module GeometryMode (177)
[2015.08.30-08.01.45:837][358]LogModuleManager: Shutting down and abandoning module TextureAlignMode (176)
[2015.08.30-08.01.45:837][358]LogModuleManager: Shutting down and abandoning module BspMode (175)
[2015.08.30-08.01.45:837][358]LogModuleManager: Shutting down and abandoning module PlacementMode (174)
[2015.08.30-08.01.45:837][358]LogModuleManager: Shutting down and abandoning module AutomationWorker (173)
[2015.08.30-08.01.45:837][358]LogModuleManager: Shutting down and abandoning module CharacterAI (172)
[2015.08.30-08.01.45:837][358]LogModuleManager: Shutting down and abandoning module SmartSnapping (171)
[2015.08.30-08.01.45:837][358]LogModuleManager: Shutting down and abandoning module ViewportSnapping (170)
[2015.08.30-08.01.45:837][358]LogModuleManager: Shutting down and abandoning module LogVisualizer (169)
[2015.08.30-08.01.45:837][358]LogModuleManager: Shutting down and abandoning module GameProjectGeneration (168)
[2015.08.30-08.01.45:838][358]LogModuleManager: Shutting down and abandoning module IntroTutorials (167)
[2015.08.30-08.01.45:838][358]LogModuleManager: Shutting down and abandoning module EditorLiveStreaming (166)
[2015.08.30-08.01.45:838][358]LogModuleManager: Shutting down and abandoning module IOSPlatformEditor (165)
[2015.08.30-08.01.45:838][358]LogModuleManager: Shutting down and abandoning module HTML5PlatformEditor (164)
[2015.08.30-08.01.45:838][358]LogModuleManager: Shutting down and abandoning module AndroidDeviceDetection (163)
[2015.08.30-08.01.46:516][358]LogModuleManager: Shutting down and abandoning module AndroidPlatformEditor (162)
[2015.08.30-08.01.46:516][358]LogModuleManager: Shutting down and abandoning module IOSRuntimeSettings (161)
[2015.08.30-08.01.46:516][358]LogModuleManager: Shutting down and abandoning module AndroidRuntimeSettings (160)
[2015.08.30-08.01.46:516][358]LogModuleManager: Shutting down and abandoning module MergeActors (159)
[2015.08.30-08.01.46:516][358]LogModuleManager: Shutting down and abandoning module SizeMap (158)
[2015.08.30-08.01.46:516][358]LogModuleManager: Shutting down and abandoning module TreeMap (157)
[2015.08.30-08.01.46:516][358]LogModuleManager: Shutting down and abandoning module ReferenceViewer (156)
[2015.08.30-08.01.46:516][358]LogModuleManager: Shutting down and abandoning module LocalizationDashboard (155)
[2015.08.30-08.01.46:516][358]LogModuleManager: Shutting down and abandoning module HardwareTargeting (154)
[2015.08.30-08.01.46:516][358]LogModuleManager: Shutting down and abandoning module DeviceProfileEditor (153)
[2015.08.30-08.01.46:516][358]LogModuleManager: Shutting down and abandoning module UndoHistory (152)
[2015.08.30-08.01.46:516][358]LogModuleManager: Shutting down and abandoning module GameplayTagsEditor (151)
[2015.08.30-08.01.46:516][358]LogModuleManager: Shutting down and abandoning module UserFeedback (150)
[2015.08.30-08.01.46:516][358]LogModuleManager: Shutting down and abandoning module XmlParser (149)
[2015.08.30-08.01.46:516][358]LogModuleManager: Shutting down and abandoning module Blutility (148)
[2015.08.30-08.01.46:516][358]LogModuleManager: Shutting down and abandoning module ProjectTargetPlatformEditor (147)
[2015.08.30-08.01.46:516][358]LogModuleManager: Shutting down and abandoning module ProjectSettingsViewer (146)
[2015.08.30-08.01.46:516][358]LogModuleManager: Shutting down and abandoning module InputBindingEditor (145)
[2015.08.30-08.01.46:517][358]LogModuleManager: Shutting down and abandoning module EditorSettingsViewer (144)
[2015.08.30-08.01.46:517][358]LogModuleManager: Shutting down and abandoning module SettingsEditor (143)
[2015.08.30-08.01.46:517][358]LogModuleManager: Shutting down and abandoning module ProjectLauncher (142)
[2015.08.30-08.01.46:517][358]LogModuleManager: Shutting down and abandoning module SessionFrontend (141)
[2015.08.30-08.01.46:517][358]LogModuleManager: Shutting down and abandoning module ProfilerClient (140)
[2015.08.30-08.01.46:517][358]LogModuleManager: Shutting down and abandoning module TargetDeviceServices (139)
[2015.08.30-08.01.46:517][358]LogModuleManager: Shutting down and abandoning module DeviceManager (138)
[2015.08.30-08.01.46:517][358]LogModuleManager: Shutting down and abandoning module AutomationController (137)
[2015.08.30-08.01.46:517][358]LogModuleManager: Shutting down and abandoning module AutomationWindow (136)
[2015.08.30-08.01.46:518][358]LogModuleManager: Shutting down and abandoning module Layers (135)
[2015.08.30-08.01.46:519][358]LogModuleManager: Shutting down and abandoning module ComponentVisualizers (134)
[2015.08.30-08.01.46:519][358]LogModuleManager: Shutting down and abandoning module DetailCustomizations (133)
[2015.08.30-08.01.46:519][358]LogModuleManager: Shutting down and abandoning module PackagesDialog (132)
[2015.08.30-08.01.46:519][358]LogModuleManager: Shutting down and abandoning module AssetRegistry (131)
[2015.08.30-08.01.46:574][358]LogModuleManager: Shutting down and abandoning module Persona (130)
[2015.08.30-08.01.46:575][358]LogModuleManager: Shutting down and abandoning module Kismet (129)
[2015.08.30-08.01.46:575][358]LogModuleManager: Shutting down and abandoning module GraphEditor (128)
[2015.08.30-08.01.46:575][358]LogModuleManager: Shutting down and abandoning module ClassViewer (127)
[2015.08.30-08.01.46:575][358]LogModuleManager: Shutting down and abandoning module Toolbox (126)
[2015.08.30-08.01.46:575][358]LogModuleManager: Shutting down and abandoning module ModuleUI (125)
[2015.08.30-08.01.46:575][358]LogModuleManager: Shutting down and abandoning module MovieSceneTools (124)
[2015.08.30-08.01.46:576][358]LogModuleManager: Shutting down and abandoning module OutputLog (123)
[2015.08.30-08.01.46:576][358]LogModuleManager: Shutting down and abandoning module GammaUI (122)
[2015.08.30-08.01.46:576][358]LogModuleManager: Shutting down and abandoning module Documentation (121)
[2015.08.30-08.01.46:576][358]LogModuleManager: Shutting down and abandoning module GameLiveStreaming (120)
[2015.08.30-08.01.46:576][358]LogModuleManager: Shutting down and abandoning module StreamingPauseRendering (119)
[2015.08.30-08.01.46:576][358]LogModuleManager: Shutting down and abandoning module AnalyticsET (118)
[2015.08.30-08.01.46:576][358]LogModuleManager: Shutting down and abandoning module Analytics (117)
[2015.08.30-08.01.46:576][358]LogModuleManager: Shutting down and abandoning module AITestSuite (116)
[2015.08.30-08.01.46:576][358]LogModuleManager: Shutting down and abandoning module GameplayDebugger (115)
[2015.08.30-08.01.46:576][358]LogModuleManager: Shutting down and abandoning module AIModule (114)
[2015.08.30-08.01.46:576][358]LogModuleManager: Shutting down and abandoning module ProfilerService (113)
[2015.08.30-08.01.46:815][358]LogModuleManager: Shutting down and abandoning module TaskGraph (112)
[2015.08.30-08.01.46:815][358]LogModuleManager: Shutting down and abandoning module SlateRemote (111)
[2015.08.30-08.01.46:815][358]LogModuleManager: Shutting down and abandoning module SteamVRController (110)
[2015.08.30-08.01.46:815][358]LogModuleManager: Shutting down and abandoning module SteamVR (109)
[2015.08.30-08.01.46:815][358]LogModuleManager: Shutting down and abandoning module ProceduralMeshComponent (108)
[2015.08.30-08.01.46:815][358]LogModuleManager: Shutting down and abandoning module OculusRift (107)
[2015.08.30-08.01.46:815][358]LogModuleManager: Shutting down and abandoning module LeapMotionController (106)
[2015.08.30-08.01.46:839][358]LogModuleManager: Shutting down and abandoning module CustomMeshComponent (105)
[2015.08.30-08.01.46:839][358]LogModuleManager: Shutting down and abandoning module CableComponent (104)
[2015.08.30-08.01.46:839][358]LogModuleManager: Shutting down and abandoning module MessagingDebugger (103)
[2015.08.30-08.01.46:840][358]LogModuleManager: Shutting down and abandoning module MediaPlayerEditor (102)
[2015.08.30-08.01.46:840][358]LogModuleManager: Shutting down and abandoning module SpeedTreeImporter (101)
[2015.08.30-08.01.46:840][358]LogModuleManager: Shutting down and abandoning module PluginBrowser (100)
[2015.08.30-08.01.46:840][358]LogModuleManager: Shutting down and abandoning module EpicSurvey (99)
[2015.08.30-08.01.46:840][358]LogModuleManager: Shutting down and abandoning module DesktopPlatform (98)
[2015.08.30-08.01.46:840][358]LogModuleManager: Shutting down and abandoning module VisualStudioSourceCodeAccess (97)
[2015.08.30-08.01.46:841][358]LogModuleManager: Shutting down and abandoning module UObjectPlugin (96)
[2015.08.30-08.01.46:841][358]LogModuleManager: Shutting down and abandoning module SubversionSourceControl (95)
[2015.08.30-08.01.46:841][358]LogModuleManager: Shutting down and abandoning module PerforceSourceControl (94)
[2015.08.30-08.01.46:841][358]LogModuleManager: Shutting down and abandoning module SourceControl (93)
[2015.08.30-08.01.46:841][358]LogModuleManager: Shutting down and abandoning module GitSourceControl (92)
[2015.08.30-08.01.46:841][358]LogModuleManager: Shutting down and abandoning module BlankPlugin (91)
[2015.08.30-08.01.46:841][358]LogModuleManager: Shutting down and abandoning module PaperTiledImporter (90)
[2015.08.30-08.01.46:841][358]LogModuleManager: Shutting down and abandoning module PaperSpriteSheetImporter (89)
[2015.08.30-08.01.46:841][358]LogModuleManager: Shutting down and abandoning module MeshPaint (88)
[2015.08.30-08.01.46:841][358]LogModuleManager: Shutting down and abandoning module SlateReflector (87)
[2015.08.30-08.01.46:841][358]LogModuleManager: Shutting down and abandoning module DirectoryWatcher (86)
[2015.08.30-08.01.46:841][358]LogModuleManager: Shutting down and abandoning module HotReload (85)
[2015.08.30-08.01.46:841][358]LogModuleManager: Shutting down and abandoning module MainFrame (84)
[2015.08.30-08.01.46:841][358]LogModuleManager: Shutting down and abandoning module LevelEditor (83)
[2015.08.30-08.01.46:842][358]LogModuleManager: Shutting down and abandoning module ContentBrowser (82)
[2015.08.30-08.01.46:843][358]LogModuleManager: Shutting down and abandoning module Paper2DEditor (81)
[2015.08.30-08.01.46:843][358]LogModuleManager: Shutting down and abandoning module UdpMessaging (80)
[2015.08.30-08.01.46:944][358]LogModuleManager: Shutting down and abandoning module Paper2D (79)
[2015.08.30-08.01.46:944][358]LogModuleManager: Shutting down and abandoning module WindowsMoviePlayer (78)
[2015.08.30-08.01.46:947][358]LogModuleManager: Shutting down and abandoning module Media (77)
[2015.08.30-08.01.46:947][358]LogModuleManager: Shutting down and abandoning module WmfMedia (76)
[2015.08.30-08.01.46:947][358]LogModuleManager: Shutting down and abandoning module OnlineBlueprintSupport (75)
[2015.08.30-08.01.46:947][358]LogModuleManager: Shutting down and abandoning module PropertyEditor (74)
[2015.08.30-08.01.46:947][358]LogModuleManager: Shutting down and abandoning module BehaviorTreeEditor (73)
[2015.08.30-08.01.46:947][358]LogModuleManager: Shutting down and abandoning module FunctionalTesting (72)
[2015.08.30-08.01.46:947][358]LogModuleManager: Shutting down and abandoning module CollisionAnalyzer (71)
[2015.08.30-08.01.46:947][358]LogModuleManager: Shutting down and abandoning module WorkspaceMenuStructure (70)
[2015.08.30-08.01.46:947][358]LogModuleManager: Shutting down and abandoning module MessageLog (69)
[2015.08.30-08.01.46:947][358]LogModuleManager: Shutting down and abandoning module Sequencer (68)
[2015.08.30-08.01.46:948][358]LogModuleManager: Shutting down and abandoning module AssetTools (67)
[2015.08.30-08.01.46:948][358]LogModuleManager: Shutting down and abandoning module UMGEditor (66)
[2015.08.30-08.01.46:948][358]LogModuleManager: Shutting down and abandoning module UMG (65)
[2015.08.30-08.01.46:948][358]LogModuleManager: Shutting down and abandoning module Slate (64)
[2015.08.30-08.01.46:948][358]LogModuleManager: Shutting down and abandoning module EditorStyle (63)
[2015.08.30-08.01.46:951][358]LogModuleManager: Shutting down and abandoning module SessionServices (62)
[2015.08.30-08.01.46:951][358]LogModuleManager: Shutting down and abandoning module SourceCodeAccess (61)
[2015.08.30-08.01.46:951][358]LogModuleManager: Shutting down and abandoning module HeadMountedDisplay (60)
[2015.08.30-08.01.46:951][358]LogModuleManager: Shutting down and abandoning module XAudio2 (59)
[2015.08.30-08.01.46:951][358]LogModuleManager: Shutting down and abandoning module Networking (57)
[2015.08.30-08.01.46:951][358]LogModuleManager: Shutting down and abandoning module Core (56)
[2015.08.30-08.01.46:951][358]LogModuleManager: Shutting down and abandoning module KismetCompiler (55)
[2015.08.30-08.01.46:951][358]LogModuleManager: Shutting down and abandoning module PhysXFormats (54)
[2015.08.30-08.01.46:951][358]LogModuleManager: Shutting down and abandoning module MeshUtilities (53)
[2015.08.30-08.01.46:951][358]LogModuleManager: Shutting down and abandoning module DerivedDataCache (52)
[2015.08.30-08.01.47:025][358]LogDerivedDataCache: Shutdown
[2015.08.30-08.01.47:025][358]LogModuleManager: Shutting down and abandoning module ShaderFormatOpenGL (51)
[2015.08.30-08.01.47:025][358]LogModuleManager: Shutting down and abandoning module ShaderFormatD3D (50)
[2015.08.30-08.01.47:025][358]LogModuleManager: Shutting down and abandoning module MetalShaderFormat (49)
[2015.08.30-08.01.47:025][358]LogModuleManager: Shutting down and abandoning module TextureFormatUncompressed (48)
[2015.08.30-08.01.47:025][358]LogModuleManager: Shutting down and abandoning module TextureFormatPVR (47)
[2015.08.30-08.01.47:025][358]LogModuleManager: Shutting down and abandoning module TextureFormatIntelISPCTexComp (46)
[2015.08.30-08.01.47:025][358]LogModuleManager: Shutting down and abandoning module TextureFormatDXT (45)
[2015.08.30-08.01.47:025][358]LogModuleManager: Shutting down and abandoning module ImageWrapper (44)
[2015.08.30-08.01.47:025][358]LogModuleManager: Shutting down and abandoning module TextureFormatASTC (43)
[2015.08.30-08.01.47:025][358]LogModuleManager: Shutting down and abandoning module TextureFormatAndroid (42)
[2015.08.30-08.01.47:025][358]LogModuleManager: Shutting down and abandoning module AudioFormatOpus (41)
[2015.08.30-08.01.47:025][358]LogModuleManager: Shutting down and abandoning module AudioFormatOgg (40)
[2015.08.30-08.01.47:025][358]LogModuleManager: Shutting down and abandoning module AudioFormatADPCM (39)
[2015.08.30-08.01.47:025][358]LogModuleManager: Shutting down and abandoning module LinuxTargetPlatform (38)
[2015.08.30-08.01.47:025][358]LogModuleManager: Shutting down and abandoning module LinuxServerTargetPlatform (37)
[2015.08.30-08.01.47:025][358]LogModuleManager: Shutting down and abandoning module LinuxNoEditorTargetPlatform (36)
[2015.08.30-08.01.47:025][358]LogModuleManager: Shutting down and abandoning module Messaging (35)
[2015.08.30-08.01.47:025][358]LogModuleManager: Shutting down and abandoning module IOSTargetPlatform (34)
[2015.08.30-08.01.47:025][358]LogModuleManager: Shutting down and abandoning module HTML5TargetPlatform (33)
[2015.08.30-08.01.47:025][358]LogModuleManager: Shutting down and abandoning module Android_PVRTCTargetPlatform (32)
[2015.08.30-08.01.47:025][358]LogModuleManager: Shutting down and abandoning module Android_ETC2TargetPlatform (31)
[2015.08.30-08.01.47:025][358]LogModuleManager: Shutting down and abandoning module Android_ETC1TargetPlatform (30)
[2015.08.30-08.01.47:025][358]LogModuleManager: Shutting down and abandoning module Android_DXTTargetPlatform (29)
[2015.08.30-08.01.47:025][358]LogModuleManager: Shutting down and abandoning module Android_ATCTargetPlatform (28)
[2015.08.30-08.01.47:025][358]LogModuleManager: Shutting down and abandoning module Android_ASTCTargetPlatform (27)
[2015.08.30-08.01.47:025][358]LogModuleManager: Shutting down and abandoning module AndroidTargetPlatform (26)
[2015.08.30-08.01.47:025][358]LogModuleManager: Shutting down and abandoning module WindowsTargetPlatform (25)
[2015.08.30-08.01.47:025][358]LogModuleManager: Shutting down and abandoning module WindowsServerTargetPlatform (24)
[2015.08.30-08.01.47:025][358]LogModuleManager: Shutting down and abandoning module WindowsNoEditorTargetPlatform (23)
[2015.08.30-08.01.47:025][358]LogModuleManager: Shutting down and abandoning module WindowsClientTargetPlatform (22)
[2015.08.30-08.01.47:025][358]LogModuleManager: Shutting down and abandoning module DesktopTargetPlatform (21)
[2015.08.30-08.01.47:025][358]LogModuleManager: Shutting down and abandoning module TargetPlatform (20)
[2015.08.30-08.01.47:025][358]LogModuleManager: Shutting down and abandoning module InputCore (19)
[2015.08.30-08.01.47:025][358]LogModuleManager: Shutting down and abandoning module Settings (18)
[2015.08.30-08.01.47:025][358]LogModuleManager: Shutting down and abandoning module OnlineSubsystem (16)
[2015.08.30-08.01.47:025][358]LogModuleManager: Shutting down and abandoning module HTTP (15)
[2015.08.30-08.01.47:025][358]LogModuleManager: Shutting down and abandoning module ExampleDeviceProfileSelector (14)
[2015.08.30-08.01.47:025][358]LogModuleManager: Shutting down and abandoning module TextureCompressor (13)
[2015.08.30-08.01.47:025][358]LogModuleManager: Shutting down and abandoning module ShaderCore (12)
[2015.08.30-08.01.47:026][358]LogModuleManager: Shutting down and abandoning module Landscape (11)
[2015.08.30-08.01.47:026][358]LogModuleManager: Shutting down and abandoning module SlateRHIRenderer (10)
[2015.08.30-08.01.47:030][358]LogModuleManager: Shutting down and abandoning module OpenGLDrv (9)
[2015.08.30-08.01.47:030][358]LogModuleManager: Shutting down and abandoning module D3D11RHI (8)
[2015.08.30-08.01.47:030][358]LogModuleManager: Shutting down and abandoning module Renderer (7)
[2015.08.30-08.01.47:030][358]LogModuleManager: Shutting down and abandoning module Engine (6)
[2015.08.30-08.01.47:030][358]LogModuleManager: Shutting down and abandoning module CoreUObject (5)
[2015.08.30-08.01.47:030][358]LogModuleManager: Shutting down and abandoning module NetworkFile (4)
[2015.08.30-08.01.47:030][358]LogModuleManager: Shutting down and abandoning module StreamingFile (3)
[2015.08.30-08.01.47:030][358]LogModuleManager: Shutting down and abandoning module SandboxFile (2)
[2015.08.30-08.01.47:030][358]LogModuleManager: Shutting down and abandoning module PakFile (1)
[2015.08.30-08.01.47:031][358]LogExit: Exiting.
[2015.08.30-08.01.47:047][358]Log file closed, 08/30/15 04:01:47
